[2025-07-28 19:52:36] WEBHOOK RECEIVED: {"event":"NOTIFY_START","call_start":"2025-07-28 22:52:36","pbx_call_id":"in_b902de25ba88d1b296c3f5bef05aac52c6d11b02","caller_id":"380996093860","called_did":"380733103110"}
[2025-07-28 19:52:36] 🤖 TELEGRAM BOT EVENT: {"event":"NOTIFY_START","call_start":"2025-07-28 22:52:36","pbx_call_id":"in_b902de25ba88d1b296c3f5bef05aac52c6d11b02","caller_id":"380996093860","called_did":"380733103110"}
[2025-07-28 19:52:36] 🐍 Executing Python: cd /home/gomoncli/zadarma && python3 /home/gomoncli/zadarma/process_webhook.py '{"event":"NOTIFY_START","call_start":"2025-07-28 22:52:36","pbx_call_id":"in_b902de25ba88d1b296c3f5bef05aac52c6d11b02","caller_id":"380996093860","called_did":"380733103110"}' 2>&1
[2025-07-28 19:52:36] 📤 Python output: 2025-07-28 22:52:36,456 - webhook_processor - INFO - 📥 Отримано данні: {"event":"NOTIFY_START","call_start":"2025-07-28 22:52:36","pbx_call_id":"in_b902de25ba88d1b296c3f5bef05aac52c6d11b02","caller_id":"380996093860","called_did":"380733103110"}
2025-07-28 22:52:36,568 - zadarma_api_webhook - INFO - ✅ База даних для відстеження дзвінків ініціалізована
2025-07-28 22:52:36,568 - zadarma_api_webhook - INFO - 🔄 Запущено автоочищення історії дзвінків
2025-07-28 22:52:36,568 - zadarma_api_webhook - INFO - 🔔 Webhook подія: NOTIFY_START, PBX ID: in_b902de25ba88d1b296c3f5bef05aac52c6d11b02, Disposition: 
2025-07-28 22:52:36,568 - zadarma_api_webhook - INFO - 📞 START: PBX ID in_b902de25ba88d1b296c3f5bef05aac52c6d11b02
2025-07-28 22:52:36,568 - webhook_processor - INFO - ✅ Webhook успішно оброблено: Webhook processed
{"success": true, "message": "Webhook processed"}

[2025-07-28 19:52:36] 📊 Python exit code: 0

[2025-07-28 19:52:36] ✅ Telegram bot event processed successfully
[2025-07-28 19:53:04] WEBHOOK RECEIVED: {"event":"NOTIFY_INTERNAL","call_start":"2025-07-28 22:52:36","pbx_call_id":"in_b902de25ba88d1b296c3f5bef05aac52c6d11b02","caller_id":"380996093860","called_did":"380733103110","internal":"101","calltype":"normal"}
[2025-07-28 19:53:04] 🚀 IVR SYSTEM: Internal 101, Caller 0996093860
[2025-07-28 19:53:04] 🏠 ХВІРТКА
[2025-07-28 19:53:04] 📞 Callback: 0733103110 → 0637442017
[2025-07-28 19:53:05] 📞 Callback result: HTTP 200
[2025-07-28 19:53:05] ✅ Хвіртка відкрита
[2025-07-28 19:53:07] WEBHOOK RECEIVED: {"event":"NOTIFY_START","call_start":"2025-07-28 22:53:07","pbx_call_id":"in_88b2ea298b5c1f3c0215cc2ebfe2bd3922b82a2a","caller_id":"+0637442017","called_did":"380733103110"}
[2025-07-28 19:53:07] 🤖 TELEGRAM BOT EVENT: {"event":"NOTIFY_START","call_start":"2025-07-28 22:53:07","pbx_call_id":"in_88b2ea298b5c1f3c0215cc2ebfe2bd3922b82a2a","caller_id":"+0637442017","called_did":"380733103110"}
[2025-07-28 19:53:07] 🐍 Executing Python: cd /home/gomoncli/zadarma && python3 /home/gomoncli/zadarma/process_webhook.py '{"event":"NOTIFY_START","call_start":"2025-07-28 22:53:07","pbx_call_id":"in_88b2ea298b5c1f3c0215cc2ebfe2bd3922b82a2a","caller_id":"+0637442017","called_did":"380733103110"}' 2>&1
[2025-07-28 19:53:07] 📤 Python output: 2025-07-28 22:53:07,656 - webhook_processor - INFO - 📥 Отримано данні: {"event":"NOTIFY_START","call_start":"2025-07-28 22:53:07","pbx_call_id":"in_88b2ea298b5c1f3c0215cc2ebfe2bd3922b82a2a","caller_id":"+0637442017","called_did":"380733103110"}
2025-07-28 22:53:07,765 - zadarma_api_webhook - INFO - ✅ База даних для відстеження дзвінків ініціалізована
2025-07-28 22:53:07,766 - zadarma_api_webhook - INFO - 🔄 Запущено автоочищення історії дзвінків
2025-07-28 22:53:07,766 - zadarma_api_webhook - INFO - 🔔 Webhook подія: NOTIFY_START, PBX ID: in_88b2ea298b5c1f3c0215cc2ebfe2bd3922b82a2a, Disposition: 
2025-07-28 22:53:07,766 - zadarma_api_webhook - INFO - 📞 START: PBX ID in_88b2ea298b5c1f3c0215cc2ebfe2bd3922b82a2a
2025-07-28 22:53:07,766 - webhook_processor - INFO - ✅ Webhook успішно оброблено: Webhook processed
{"success": true, "message": "Webhook processed"}

[2025-07-28 19:53:07] 📊 Python exit code: 0

[2025-07-28 19:53:07] ✅ Telegram bot event processed successfully
[2025-07-28 19:53:16] WEBHOOK RECEIVED: {"event":"NOTIFY_END","call_start":"2025-07-28 22:52:36","pbx_call_id":"in_b902de25ba88d1b296c3f5bef05aac52c6d11b02","caller_id":"380996093860","called_did":"380733103110","duration":"0","status_code":"16","is_recorded":"0","calltype":"normal","disposition":"cancel"}
[2025-07-28 19:53:16] 🤖 TELEGRAM BOT EVENT: {"event":"NOTIFY_END","call_start":"2025-07-28 22:52:36","pbx_call_id":"in_b902de25ba88d1b296c3f5bef05aac52c6d11b02","caller_id":"380996093860","called_did":"380733103110","duration":"0","status_code":"16","is_recorded":"0","calltype":"normal","disposition":"cancel"}
[2025-07-28 19:53:16] 🐍 Executing Python: cd /home/gomoncli/zadarma && python3 /home/gomoncli/zadarma/process_webhook.py '{"event":"NOTIFY_END","call_start":"2025-07-28 22:52:36","pbx_call_id":"in_b902de25ba88d1b296c3f5bef05aac52c6d11b02","caller_id":"380996093860","called_did":"380733103110","duration":"0","status_code":"16","is_recorded":"0","calltype":"normal","disposition":"cancel"}' 2>&1
[2025-07-28 19:53:16] 📤 Python output: 2025-07-28 22:53:16,046 - webhook_processor - INFO - 📥 Отримано данні: {"event":"NOTIFY_END","call_start":"2025-07-28 22:52:36","pbx_call_id":"in_b902de25ba88d1b296c3f5bef05aac52c6d11b02","caller_id":"380996093860","called_did":"380733103110","duration":"0","status_code":"16","is_recorded":"0","calltype":"normal","disposition":"cancel"}
2025-07-28 22:53:16,159 - zadarma_api_webhook - INFO - ✅ База даних для відстеження дзвінків ініціалізована
2025-07-28 22:53:16,159 - zadarma_api_webhook - INFO - 🔄 Запущено автоочищення історії дзвінків
2025-07-28 22:53:16,159 - zadarma_api_webhook - INFO - 🔔 Webhook подія: NOTIFY_END, PBX ID: in_b902de25ba88d1b296c3f5bef05aac52c6d11b02, Disposition: cancel
2025-07-28 22:53:16,160 - zadarma_api_webhook - INFO - ℹ️ Дзвінок in_b902de25ba88d1b296c3f5bef05aac52c6d11b02 не відстежується нашою системою
2025-07-28 22:53:16,160 - webhook_processor - INFO - ✅ Webhook успішно оброблено: Webhook processed
{"success": true, "message": "Webhook processed"}

[2025-07-28 19:53:16] 📊 Python exit code: 0

[2025-07-28 19:53:16] ✅ Telegram bot event processed successfully
[2025-07-28 19:53:18] WEBHOOK RECEIVED: {"event":"NOTIFY_END","call_start":"2025-07-28 22:53:07","pbx_call_id":"in_88b2ea298b5c1f3c0215cc2ebfe2bd3922b82a2a","caller_id":"+0637442017","called_did":"380733103110","duration":"0","status_code":"16","is_recorded":"0","calltype":"normal","disposition":"cancel"}
[2025-07-28 19:53:18] 🤖 TELEGRAM BOT EVENT: {"event":"NOTIFY_END","call_start":"2025-07-28 22:53:07","pbx_call_id":"in_88b2ea298b5c1f3c0215cc2ebfe2bd3922b82a2a","caller_id":"+0637442017","called_did":"380733103110","duration":"0","status_code":"16","is_recorded":"0","calltype":"normal","disposition":"cancel"}
[2025-07-28 19:53:18] 🐍 Executing Python: cd /home/gomoncli/zadarma && python3 /home/gomoncli/zadarma/process_webhook.py '{"event":"NOTIFY_END","call_start":"2025-07-28 22:53:07","pbx_call_id":"in_88b2ea298b5c1f3c0215cc2ebfe2bd3922b82a2a","caller_id":"+0637442017","called_did":"380733103110","duration":"0","status_code":"16","is_recorded":"0","calltype":"normal","disposition":"cancel"}' 2>&1
[2025-07-28 19:53:18] 📤 Python output: 2025-07-28 22:53:18,368 - webhook_processor - INFO - 📥 Отримано данні: {"event":"NOTIFY_END","call_start":"2025-07-28 22:53:07","pbx_call_id":"in_88b2ea298b5c1f3c0215cc2ebfe2bd3922b82a2a","caller_id":"+0637442017","called_did":"380733103110","duration":"0","status_code":"16","is_recorded":"0","calltype":"normal","disposition":"cancel"}
2025-07-28 22:53:18,488 - zadarma_api_webhook - INFO - ✅ База даних для відстеження дзвінків ініціалізована
2025-07-28 22:53:18,489 - zadarma_api_webhook - INFO - 🔄 Запущено автоочищення історії дзвінків
2025-07-28 22:53:18,489 - zadarma_api_webhook - INFO - 🔔 Webhook подія: NOTIFY_END, PBX ID: in_88b2ea298b5c1f3c0215cc2ebfe2bd3922b82a2a, Disposition: cancel
2025-07-28 22:53:18,490 - zadarma_api_webhook - INFO - ℹ️ Дзвінок in_88b2ea298b5c1f3c0215cc2ebfe2bd3922b82a2a не відстежується нашою системою
2025-07-28 22:53:18,490 - webhook_processor - INFO - ✅ Webhook успішно оброблено: Webhook processed
{"success": true, "message": "Webhook processed"}

[2025-07-28 19:53:18] 📊 Python exit code: 0

[2025-07-28 19:53:18] ✅ Telegram bot event processed successfully
[2025-08-01 07:13:37] WEBHOOK RECEIVED: {"event":"NOTIFY_START","call_start":"2025-08-01 10:13:37","pbx_call_id":"in_8ee1511357be6572154061bcb246dad81983dc02","caller_id":"930063585","called_did":"380733103110"}
[2025-08-01 07:13:37] 🤖 TELEGRAM BOT EVENT: {"event":"NOTIFY_START","call_start":"2025-08-01 10:13:37","pbx_call_id":"in_8ee1511357be6572154061bcb246dad81983dc02","caller_id":"930063585","called_did":"380733103110"}
[2025-08-01 07:13:37] 🐍 Executing Python: cd /home/gomoncli/zadarma && python3 /home/gomoncli/zadarma/process_webhook.py '{"event":"NOTIFY_START","call_start":"2025-08-01 10:13:37","pbx_call_id":"in_8ee1511357be6572154061bcb246dad81983dc02","caller_id":"930063585","called_did":"380733103110"}' 2>&1
[2025-08-01 07:13:37] 📤 Python output: 2025-08-01 10:13:37,396 - webhook_processor - INFO - 📥 Отримано данні: {"event":"NOTIFY_START","call_start":"2025-08-01 10:13:37","pbx_call_id":"in_8ee1511357be6572154061bcb246dad81983dc02","caller_id":"930063585","called_did":"380733103110"}
2025-08-01 10:13:37,525 - zadarma_api_webhook - INFO - ✅ База даних для відстеження дзвінків ініціалізована
2025-08-01 10:13:37,525 - zadarma_api_webhook - INFO - 🔄 Запущено автоочищення історії дзвінків
2025-08-01 10:13:37,526 - zadarma_api_webhook - INFO - 🔔 Webhook подія: NOTIFY_START, PBX ID: in_8ee1511357be6572154061bcb246dad81983dc02, Disposition: 
2025-08-01 10:13:37,526 - zadarma_api_webhook - INFO - 📞 START: PBX ID in_8ee1511357be6572154061bcb246dad81983dc02
2025-08-01 10:13:37,526 - webhook_processor - INFO - ✅ Webhook успішно оброблено: Webhook processed
{"success": true, "message": "Webhook processed"}

[2025-08-01 07:13:37] 📊 Python exit code: 0

[2025-08-01 07:13:37] ✅ Telegram bot event processed successfully
[2025-08-01 07:13:47] WEBHOOK RECEIVED: {"event":"NOTIFY_END","call_start":"2025-08-01 10:13:37","pbx_call_id":"in_8ee1511357be6572154061bcb246dad81983dc02","caller_id":"930063585","called_did":"380733103110","duration":"0","status_code":"16","is_recorded":"0","calltype":"normal","disposition":"cancel"}
[2025-08-01 07:13:47] 🤖 TELEGRAM BOT EVENT: {"event":"NOTIFY_END","call_start":"2025-08-01 10:13:37","pbx_call_id":"in_8ee1511357be6572154061bcb246dad81983dc02","caller_id":"930063585","called_did":"380733103110","duration":"0","status_code":"16","is_recorded":"0","calltype":"normal","disposition":"cancel"}
[2025-08-01 07:13:47] 🐍 Executing Python: cd /home/gomoncli/zadarma && python3 /home/gomoncli/zadarma/process_webhook.py '{"event":"NOTIFY_END","call_start":"2025-08-01 10:13:37","pbx_call_id":"in_8ee1511357be6572154061bcb246dad81983dc02","caller_id":"930063585","called_did":"380733103110","duration":"0","status_code":"16","is_recorded":"0","calltype":"normal","disposition":"cancel"}' 2>&1
[2025-08-01 07:13:47] 📤 Python output: 2025-08-01 10:13:47,826 - webhook_processor - INFO - 📥 Отримано данні: {"event":"NOTIFY_END","call_start":"2025-08-01 10:13:37","pbx_call_id":"in_8ee1511357be6572154061bcb246dad81983dc02","caller_id":"930063585","called_did":"380733103110","duration":"0","status_code":"16","is_recorded":"0","calltype":"normal","disposition":"cancel"}
2025-08-01 10:13:47,955 - zadarma_api_webhook - INFO - ✅ База даних для відстеження дзвінків ініціалізована
2025-08-01 10:13:47,955 - zadarma_api_webhook - INFO - 🔄 Запущено автоочищення історії дзвінків
2025-08-01 10:13:47,955 - zadarma_api_webhook - INFO - 🔔 Webhook подія: NOTIFY_END, PBX ID: in_8ee1511357be6572154061bcb246dad81983dc02, Disposition: cancel
2025-08-01 10:13:47,956 - zadarma_api_webhook - INFO - ℹ️ Дзвінок in_8ee1511357be6572154061bcb246dad81983dc02 не відстежується нашою системою
2025-08-01 10:13:47,956 - webhook_processor - INFO - ✅ Webhook успішно оброблено: Webhook processed
{"success": true, "message": "Webhook processed"}

[2025-08-01 07:13:47] 📊 Python exit code: 0

[2025-08-01 07:13:47] ✅ Telegram bot event processed successfully
[2025-08-01 08:19:42] WEBHOOK RECEIVED: {"event":"NOTIFY_START","call_start":"2025-08-01 11:19:42","pbx_call_id":"in_3cf95e94344a81e7a9dba9b786bf8a9f8f04b761","caller_id":"930063585","called_did":"380733103110"}
[2025-08-01 08:19:42] 🤖 TELEGRAM BOT EVENT: {"event":"NOTIFY_START","call_start":"2025-08-01 11:19:42","pbx_call_id":"in_3cf95e94344a81e7a9dba9b786bf8a9f8f04b761","caller_id":"930063585","called_did":"380733103110"}
[2025-08-01 08:19:42] 🐍 Executing Python: cd /home/gomoncli/zadarma && python3 /home/gomoncli/zadarma/process_webhook.py '{"event":"NOTIFY_START","call_start":"2025-08-01 11:19:42","pbx_call_id":"in_3cf95e94344a81e7a9dba9b786bf8a9f8f04b761","caller_id":"930063585","called_did":"380733103110"}' 2>&1
[2025-08-01 08:19:42] 📤 Python output: 2025-08-01 11:19:42,447 - webhook_processor - INFO - 📥 Отримано данні: {"event":"NOTIFY_START","call_start":"2025-08-01 11:19:42","pbx_call_id":"in_3cf95e94344a81e7a9dba9b786bf8a9f8f04b761","caller_id":"930063585","called_did":"380733103110"}
2025-08-01 11:19:42,569 - zadarma_api_webhook - INFO - ✅ База даних для відстеження дзвінків ініціалізована
2025-08-01 11:19:42,569 - zadarma_api_webhook - INFO - 🔄 Запущено автоочищення історії дзвінків
2025-08-01 11:19:42,569 - zadarma_api_webhook - INFO - 🔔 Webhook подія: NOTIFY_START, PBX ID: in_3cf95e94344a81e7a9dba9b786bf8a9f8f04b761, Disposition: 
2025-08-01 11:19:42,570 - zadarma_api_webhook - INFO - 📞 START: PBX ID in_3cf95e94344a81e7a9dba9b786bf8a9f8f04b761
2025-08-01 11:19:42,570 - webhook_processor - INFO - ✅ Webhook успішно оброблено: Webhook processed
{"success": true, "message": "Webhook processed"}

[2025-08-01 08:19:42] 📊 Python exit code: 0

[2025-08-01 08:19:42] ✅ Telegram bot event processed successfully
[2025-08-01 08:19:53] WEBHOOK RECEIVED: {"event":"NOTIFY_END","call_start":"2025-08-01 11:19:42","pbx_call_id":"in_3cf95e94344a81e7a9dba9b786bf8a9f8f04b761","caller_id":"930063585","called_did":"380733103110","duration":"0","status_code":"16","is_recorded":"0","calltype":"normal","disposition":"cancel"}
[2025-08-01 08:19:53] 🤖 TELEGRAM BOT EVENT: {"event":"NOTIFY_END","call_start":"2025-08-01 11:19:42","pbx_call_id":"in_3cf95e94344a81e7a9dba9b786bf8a9f8f04b761","caller_id":"930063585","called_did":"380733103110","duration":"0","status_code":"16","is_recorded":"0","calltype":"normal","disposition":"cancel"}
[2025-08-01 08:19:53] 🐍 Executing Python: cd /home/gomoncli/zadarma && python3 /home/gomoncli/zadarma/process_webhook.py '{"event":"NOTIFY_END","call_start":"2025-08-01 11:19:42","pbx_call_id":"in_3cf95e94344a81e7a9dba9b786bf8a9f8f04b761","caller_id":"930063585","called_did":"380733103110","duration":"0","status_code":"16","is_recorded":"0","calltype":"normal","disposition":"cancel"}' 2>&1
[2025-08-01 08:19:53] 📤 Python output: 2025-08-01 11:19:53,412 - webhook_processor - INFO - 📥 Отримано данні: {"event":"NOTIFY_END","call_start":"2025-08-01 11:19:42","pbx_call_id":"in_3cf95e94344a81e7a9dba9b786bf8a9f8f04b761","caller_id":"930063585","called_did":"380733103110","duration":"0","status_code":"16","is_recorded":"0","calltype":"normal","disposition":"cancel"}
2025-08-01 11:19:53,533 - zadarma_api_webhook - INFO - ✅ База даних для відстеження дзвінків ініціалізована
2025-08-01 11:19:53,534 - zadarma_api_webhook - INFO - 🔄 Запущено автоочищення історії дзвінків
2025-08-01 11:19:53,534 - zadarma_api_webhook - INFO - 🔔 Webhook подія: NOTIFY_END, PBX ID: in_3cf95e94344a81e7a9dba9b786bf8a9f8f04b761, Disposition: cancel
2025-08-01 11:19:53,535 - zadarma_api_webhook - INFO - ℹ️ Дзвінок in_3cf95e94344a81e7a9dba9b786bf8a9f8f04b761 не відстежується нашою системою
2025-08-01 11:19:53,535 - webhook_processor - INFO - ✅ Webhook успішно оброблено: Webhook processed
{"success": true, "message": "Webhook processed"}

[2025-08-01 08:19:53] 📊 Python exit code: 0

[2025-08-01 08:19:53] ✅ Telegram bot event processed successfully
[2025-08-03 08:55:23] WEBHOOK RECEIVED: {"event":"NOTIFY_START","call_start":"2025-08-03 11:55:22","pbx_call_id":"in_ada1026dbddb282805d24288bef9779f4d94cd8a","caller_id":"637442017","called_did":"380733103110"}
[2025-08-03 08:55:23] 🤖 TELEGRAM BOT EVENT: {"event":"NOTIFY_START","call_start":"2025-08-03 11:55:22","pbx_call_id":"in_ada1026dbddb282805d24288bef9779f4d94cd8a","caller_id":"637442017","called_did":"380733103110"}
[2025-08-03 08:55:23] 🐍 Executing Python: cd /home/gomoncli/zadarma && python3 /home/gomoncli/zadarma/process_webhook.py '{"event":"NOTIFY_START","call_start":"2025-08-03 11:55:22","pbx_call_id":"in_ada1026dbddb282805d24288bef9779f4d94cd8a","caller_id":"637442017","called_did":"380733103110"}' 2>&1
[2025-08-03 08:55:23] 📤 Python output: 2025-08-03 11:55:23,175 - webhook_processor - INFO - 📥 Отримано данні: {"event":"NOTIFY_START","call_start":"2025-08-03 11:55:22","pbx_call_id":"in_ada1026dbddb282805d24288bef9779f4d94cd8a","caller_id":"637442017","called_did":"380733103110"}
2025-08-03 11:55:23,318 - zadarma_api_webhook - INFO - ✅ База даних для відстеження дзвінків ініціалізована
2025-08-03 11:55:23,318 - zadarma_api_webhook - INFO - 🔄 Запущено автоочищення історії дзвінків
2025-08-03 11:55:23,319 - zadarma_api_webhook - INFO - 🔔 Webhook подія: NOTIFY_START, PBX ID: in_ada1026dbddb282805d24288bef9779f4d94cd8a, Disposition: 
2025-08-03 11:55:23,319 - zadarma_api_webhook - INFO - 📞 START: PBX ID in_ada1026dbddb282805d24288bef9779f4d94cd8a
2025-08-03 11:55:23,319 - webhook_processor - INFO - ✅ Webhook успішно оброблено: Webhook processed
{"success": true, "message": "Webhook processed"}

[2025-08-03 08:55:23] 📊 Python exit code: 0

[2025-08-03 08:55:23] ✅ Telegram bot event processed successfully
[2025-08-03 08:55:34] WEBHOOK RECEIVED: {"event":"NOTIFY_END","call_start":"2025-08-03 11:55:22","pbx_call_id":"in_ada1026dbddb282805d24288bef9779f4d94cd8a","caller_id":"637442017","called_did":"380733103110","duration":"0","status_code":"16","is_recorded":"0","calltype":"normal","disposition":"cancel"}
[2025-08-03 08:55:34] 🤖 TELEGRAM BOT EVENT: {"event":"NOTIFY_END","call_start":"2025-08-03 11:55:22","pbx_call_id":"in_ada1026dbddb282805d24288bef9779f4d94cd8a","caller_id":"637442017","called_did":"380733103110","duration":"0","status_code":"16","is_recorded":"0","calltype":"normal","disposition":"cancel"}
[2025-08-03 08:55:34] 🐍 Executing Python: cd /home/gomoncli/zadarma && python3 /home/gomoncli/zadarma/process_webhook.py '{"event":"NOTIFY_END","call_start":"2025-08-03 11:55:22","pbx_call_id":"in_ada1026dbddb282805d24288bef9779f4d94cd8a","caller_id":"637442017","called_did":"380733103110","duration":"0","status_code":"16","is_recorded":"0","calltype":"normal","disposition":"cancel"}' 2>&1
[2025-08-03 08:55:34] 📤 Python output: 2025-08-03 11:55:34,114 - webhook_processor - INFO - 📥 Отримано данні: {"event":"NOTIFY_END","call_start":"2025-08-03 11:55:22","pbx_call_id":"in_ada1026dbddb282805d24288bef9779f4d94cd8a","caller_id":"637442017","called_did":"380733103110","duration":"0","status_code":"16","is_recorded":"0","calltype":"normal","disposition":"cancel"}
2025-08-03 11:55:34,227 - zadarma_api_webhook - INFO - ✅ База даних для відстеження дзвінків ініціалізована
2025-08-03 11:55:34,228 - zadarma_api_webhook - INFO - 🔄 Запущено автоочищення історії дзвінків
2025-08-03 11:55:34,228 - zadarma_api_webhook - INFO - 🔔 Webhook подія: NOTIFY_END, PBX ID: in_ada1026dbddb282805d24288bef9779f4d94cd8a, Disposition: cancel
2025-08-03 11:55:34,229 - zadarma_api_webhook - INFO - ℹ️ Дзвінок in_ada1026dbddb282805d24288bef9779f4d94cd8a не відстежується нашою системою
2025-08-03 11:55:34,229 - webhook_processor - INFO - ✅ Webhook успішно оброблено: Webhook processed
{"success": true, "message": "Webhook processed"}

[2025-08-03 08:55:34] 📊 Python exit code: 0

[2025-08-03 08:55:34] ✅ Telegram bot event processed successfully
[2025-08-03 09:00:08] WEBHOOK RECEIVED: {"event":"NOTIFY_START","call_start":"2025-08-03 12:00:08","pbx_call_id":"in_3b945b4e3322b410e895d1da59318402bf608d84","caller_id":"637442017","called_did":"380733103110"}
[2025-08-03 09:00:08] 🤖 TELEGRAM BOT EVENT: {"event":"NOTIFY_START","call_start":"2025-08-03 12:00:08","pbx_call_id":"in_3b945b4e3322b410e895d1da59318402bf608d84","caller_id":"637442017","called_did":"380733103110"}
[2025-08-03 09:00:08] 🐍 Executing Python: cd /home/gomoncli/zadarma && python3 /home/gomoncli/zadarma/process_webhook.py '{"event":"NOTIFY_START","call_start":"2025-08-03 12:00:08","pbx_call_id":"in_3b945b4e3322b410e895d1da59318402bf608d84","caller_id":"637442017","called_did":"380733103110"}' 2>&1
[2025-08-03 09:00:08] 📤 Python output: 2025-08-03 12:00:08,500 - webhook_processor - INFO - 📥 Отримано данні: {"event":"NOTIFY_START","call_start":"2025-08-03 12:00:08","pbx_call_id":"in_3b945b4e3322b410e895d1da59318402bf608d84","caller_id":"637442017","called_did":"380733103110"}
2025-08-03 12:00:08,500 - webhook_processor - INFO - 🔔 Webhook подія: NOTIFY_START, PBX ID: in_3b945b4e3322b410e895d1da59318402bf608d84, Caller: 637442017, Disposition: 
2025-08-03 12:00:08,620 - zadarma_api_webhook - INFO - ✅ База даних для відстеження дзвінків ініціалізована
2025-08-03 12:00:08,621 - zadarma_api_webhook - INFO - 🔄 Запущено автоочищення історії дзвінків
2025-08-03 12:00:08,621 - webhook_processor - INFO - ✅ Успішно імпортовано zadarma_api_webhook
2025-08-03 12:00:08,621 - webhook_processor - INFO - 📞 START: PBX ID in_3b945b4e3322b410e895d1da59318402bf608d84, Caller: 637442017
{"success": true, "message": "Start event logged"}

[2025-08-03 09:00:08] 📊 Python exit code: 0

[2025-08-03 09:00:08] ✅ Telegram bot event processed successfully
[2025-08-03 09:00:19] WEBHOOK RECEIVED: {"event":"NOTIFY_END","call_start":"2025-08-03 12:00:08","pbx_call_id":"in_3b945b4e3322b410e895d1da59318402bf608d84","caller_id":"637442017","called_did":"380733103110","duration":"0","status_code":"16","is_recorded":"0","calltype":"normal","disposition":"cancel"}
[2025-08-03 09:00:19] 🤖 TELEGRAM BOT EVENT: {"event":"NOTIFY_END","call_start":"2025-08-03 12:00:08","pbx_call_id":"in_3b945b4e3322b410e895d1da59318402bf608d84","caller_id":"637442017","called_did":"380733103110","duration":"0","status_code":"16","is_recorded":"0","calltype":"normal","disposition":"cancel"}
[2025-08-03 09:00:19] 🐍 Executing Python: cd /home/gomoncli/zadarma && python3 /home/gomoncli/zadarma/process_webhook.py '{"event":"NOTIFY_END","call_start":"2025-08-03 12:00:08","pbx_call_id":"in_3b945b4e3322b410e895d1da59318402bf608d84","caller_id":"637442017","called_did":"380733103110","duration":"0","status_code":"16","is_recorded":"0","calltype":"normal","disposition":"cancel"}' 2>&1
[2025-08-03 09:00:19] 📤 Python output: 2025-08-03 12:00:19,109 - webhook_processor - INFO - 📥 Отримано данні: {"event":"NOTIFY_END","call_start":"2025-08-03 12:00:08","pbx_call_id":"in_3b945b4e3322b410e895d1da59318402bf608d84","caller_id":"637442017","called_did":"380733103110","duration":"0","status_code":"16","is_recorded":"0","calltype":"normal","disposition":"cancel"}
2025-08-03 12:00:19,109 - webhook_processor - INFO - 🔔 Webhook подія: NOTIFY_END, PBX ID: in_3b945b4e3322b410e895d1da59318402bf608d84, Caller: 637442017, Disposition: cancel
2025-08-03 12:00:19,221 - zadarma_api_webhook - INFO - ✅ База даних для відстеження дзвінків ініціалізована
2025-08-03 12:00:19,222 - zadarma_api_webhook - INFO - 🔄 Запущено автоочищення історії дзвінків
2025-08-03 12:00:19,222 - webhook_processor - INFO - ✅ Успішно імпортовано zadarma_api_webhook
2025-08-03 12:00:19,222 - webhook_processor - INFO - 📞 Обробка завершення дзвінка: 637442017 -> cancel
2025-08-03 12:00:19,222 - webhook_processor - INFO - 🔍 Пошук по PBX ID in_3b945b4e3322b410e895d1da59318402bf608d84: не знайдено
2025-08-03 12:00:19,222 - webhook_processor - INFO - ℹ️ Дзвінок in_3b945b4e3322b410e895d1da59318402bf608d84 (637442017) не відстежується нашою системою
{"success": true, "message": "Call not tracked by our system"}

[2025-08-03 09:00:19] 📊 Python exit code: 0

[2025-08-03 09:00:19] ✅ Telegram bot event processed successfully
[2025-08-03 09:01:07] WEBHOOK RECEIVED: {"event":"NOTIFY_START","call_start":"2025-08-03 12:01:06","pbx_call_id":"in_3104df21555b1eb8f03d3bd539f4a7b25967a930","caller_id":"637442017","called_did":"380733103110"}
[2025-08-03 09:01:07] 🤖 TELEGRAM BOT EVENT: {"event":"NOTIFY_START","call_start":"2025-08-03 12:01:06","pbx_call_id":"in_3104df21555b1eb8f03d3bd539f4a7b25967a930","caller_id":"637442017","called_did":"380733103110"}
[2025-08-03 09:01:07] 🐍 Executing Python: cd /home/gomoncli/zadarma && python3 /home/gomoncli/zadarma/process_webhook.py '{"event":"NOTIFY_START","call_start":"2025-08-03 12:01:06","pbx_call_id":"in_3104df21555b1eb8f03d3bd539f4a7b25967a930","caller_id":"637442017","called_did":"380733103110"}' 2>&1
[2025-08-03 09:01:07] 📤 Python output: 2025-08-03 12:01:07,181 - webhook_processor - INFO - 📥 Отримано данні: {"event":"NOTIFY_START","call_start":"2025-08-03 12:01:06","pbx_call_id":"in_3104df21555b1eb8f03d3bd539f4a7b25967a930","caller_id":"637442017","called_did":"380733103110"}
2025-08-03 12:01:07,181 - webhook_processor - INFO - 🔔 Webhook подія: NOTIFY_START, PBX ID: in_3104df21555b1eb8f03d3bd539f4a7b25967a930, Caller: 637442017, Disposition: 
2025-08-03 12:01:07,295 - zadarma_api_webhook - INFO - ✅ База даних для відстеження дзвінків ініціалізована
2025-08-03 12:01:07,296 - zadarma_api_webhook - INFO - 🔄 Запущено автоочищення історії дзвінків
2025-08-03 12:01:07,296 - webhook_processor - INFO - ✅ Успішно імпортовано zadarma_api_webhook
2025-08-03 12:01:07,296 - webhook_processor - INFO - 📞 START: PBX ID in_3104df21555b1eb8f03d3bd539f4a7b25967a930, Caller: 637442017
{"success": true, "message": "Start event logged"}

[2025-08-03 09:01:07] 📊 Python exit code: 0

[2025-08-03 09:01:07] ✅ Telegram bot event processed successfully
[2025-08-03 09:01:18] WEBHOOK RECEIVED: {"event":"NOTIFY_END","call_start":"2025-08-03 12:01:06","pbx_call_id":"in_3104df21555b1eb8f03d3bd539f4a7b25967a930","caller_id":"637442017","called_did":"380733103110","duration":"0","status_code":"16","is_recorded":"0","calltype":"normal","disposition":"cancel"}
[2025-08-03 09:01:18] 🤖 TELEGRAM BOT EVENT: {"event":"NOTIFY_END","call_start":"2025-08-03 12:01:06","pbx_call_id":"in_3104df21555b1eb8f03d3bd539f4a7b25967a930","caller_id":"637442017","called_did":"380733103110","duration":"0","status_code":"16","is_recorded":"0","calltype":"normal","disposition":"cancel"}
[2025-08-03 09:01:18] 🐍 Executing Python: cd /home/gomoncli/zadarma && python3 /home/gomoncli/zadarma/process_webhook.py '{"event":"NOTIFY_END","call_start":"2025-08-03 12:01:06","pbx_call_id":"in_3104df21555b1eb8f03d3bd539f4a7b25967a930","caller_id":"637442017","called_did":"380733103110","duration":"0","status_code":"16","is_recorded":"0","calltype":"normal","disposition":"cancel"}' 2>&1
[2025-08-03 09:01:18] 📤 Python output: 2025-08-03 12:01:18,046 - webhook_processor - INFO - 📥 Отримано данні: {"event":"NOTIFY_END","call_start":"2025-08-03 12:01:06","pbx_call_id":"in_3104df21555b1eb8f03d3bd539f4a7b25967a930","caller_id":"637442017","called_did":"380733103110","duration":"0","status_code":"16","is_recorded":"0","calltype":"normal","disposition":"cancel"}
2025-08-03 12:01:18,047 - webhook_processor - INFO - 🔔 Webhook подія: NOTIFY_END, PBX ID: in_3104df21555b1eb8f03d3bd539f4a7b25967a930, Caller: 637442017, Disposition: cancel
2025-08-03 12:01:18,159 - zadarma_api_webhook - INFO - ✅ База даних для відстеження дзвінків ініціалізована
2025-08-03 12:01:18,159 - zadarma_api_webhook - INFO - 🔄 Запущено автоочищення історії дзвінків
2025-08-03 12:01:18,160 - webhook_processor - INFO - ✅ Успішно імпортовано zadarma_api_webhook
2025-08-03 12:01:18,160 - webhook_processor - INFO - 📞 Обробка завершення дзвінка: 637442017 -> cancel
2025-08-03 12:01:18,160 - webhook_processor - INFO - 🔍 Пошук по PBX ID in_3104df21555b1eb8f03d3bd539f4a7b25967a930: не знайдено
2025-08-03 12:01:18,160 - webhook_processor - INFO - ℹ️ Дзвінок in_3104df21555b1eb8f03d3bd539f4a7b25967a930 (637442017) не відстежується нашою системою
{"success": true, "message": "Call not tracked by our system"}

[2025-08-03 09:01:18] 📊 Python exit code: 0

[2025-08-03 09:01:18] ✅ Telegram bot event processed successfully
[2025-08-03 09:06:06] WEBHOOK RECEIVED: {"event":"NOTIFY_START","call_start":"2025-08-03 12:06:06","pbx_call_id":"in_355f33393c0424b5a456483c7c2334e6955b36ca","caller_id":"637442017","called_did":"380733103110"}
[2025-08-03 09:06:06] 🤖 TELEGRAM BOT EVENT: {"event":"NOTIFY_START","call_start":"2025-08-03 12:06:06","pbx_call_id":"in_355f33393c0424b5a456483c7c2334e6955b36ca","caller_id":"637442017","called_did":"380733103110"}
[2025-08-03 09:06:06] 🐍 Executing Python: cd /home/gomoncli/zadarma && python3 /home/gomoncli/zadarma/process_webhook.py '{"event":"NOTIFY_START","call_start":"2025-08-03 12:06:06","pbx_call_id":"in_355f33393c0424b5a456483c7c2334e6955b36ca","caller_id":"637442017","called_did":"380733103110"}' 2>&1
[2025-08-03 09:06:06] 📤 Python output: 2025-08-03 12:06:06,476 - webhook_processor - INFO - 📥 Отримано данні: {"event":"NOTIFY_START","call_start":"2025-08-03 12:06:06","pbx_call_id":"in_355f33393c0424b5a456483c7c2334e6955b36ca","caller_id":"637442017","called_did":"380733103110"}
2025-08-03 12:06:06,477 - webhook_processor - INFO - 🔔 Webhook подія: NOTIFY_START, PBX ID: in_355f33393c0424b5a456483c7c2334e6955b36ca, Caller: 637442017, Disposition: 
2025-08-03 12:06:06,592 - zadarma_api_webhook - INFO - ✅ База даних для відстеження дзвінків ініціалізована
2025-08-03 12:06:06,593 - zadarma_api_webhook - INFO - 🔄 Запущено автоочищення історії дзвінків
2025-08-03 12:06:06,593 - webhook_processor - INFO - ✅ Успішно імпортовано zadarma_api_webhook
2025-08-03 12:06:06,593 - webhook_processor - INFO - 📞 START: PBX ID in_355f33393c0424b5a456483c7c2334e6955b36ca, Caller: 637442017
{"success": true, "message": "Start event logged"}

[2025-08-03 09:06:06] 📊 Python exit code: 0

[2025-08-03 09:06:06] ✅ Telegram bot event processed successfully
[2025-08-03 09:06:17] WEBHOOK RECEIVED: {"event":"NOTIFY_END","call_start":"2025-08-03 12:06:06","pbx_call_id":"in_355f33393c0424b5a456483c7c2334e6955b36ca","caller_id":"637442017","called_did":"380733103110","duration":"0","status_code":"16","is_recorded":"0","calltype":"normal","disposition":"cancel"}
[2025-08-03 09:06:17] 🤖 TELEGRAM BOT EVENT: {"event":"NOTIFY_END","call_start":"2025-08-03 12:06:06","pbx_call_id":"in_355f33393c0424b5a456483c7c2334e6955b36ca","caller_id":"637442017","called_did":"380733103110","duration":"0","status_code":"16","is_recorded":"0","calltype":"normal","disposition":"cancel"}
[2025-08-03 09:06:17] 🐍 Executing Python: cd /home/gomoncli/zadarma && python3 /home/gomoncli/zadarma/process_webhook.py '{"event":"NOTIFY_END","call_start":"2025-08-03 12:06:06","pbx_call_id":"in_355f33393c0424b5a456483c7c2334e6955b36ca","caller_id":"637442017","called_did":"380733103110","duration":"0","status_code":"16","is_recorded":"0","calltype":"normal","disposition":"cancel"}' 2>&1
[2025-08-03 09:06:17] 📤 Python output: 2025-08-03 12:06:17,355 - webhook_processor - INFO - 📥 Отримано данні: {"event":"NOTIFY_END","call_start":"2025-08-03 12:06:06","pbx_call_id":"in_355f33393c0424b5a456483c7c2334e6955b36ca","caller_id":"637442017","called_did":"380733103110","duration":"0","status_code":"16","is_recorded":"0","calltype":"normal","disposition":"cancel"}
2025-08-03 12:06:17,355 - webhook_processor - INFO - 🔔 Webhook подія: NOTIFY_END, PBX ID: in_355f33393c0424b5a456483c7c2334e6955b36ca, Caller: 637442017, Disposition: cancel
2025-08-03 12:06:17,477 - zadarma_api_webhook - INFO - ✅ База даних для відстеження дзвінків ініціалізована
2025-08-03 12:06:17,477 - zadarma_api_webhook - INFO - 🔄 Запущено автоочищення історії дзвінків
2025-08-03 12:06:17,478 - webhook_processor - INFO - ✅ Успішно імпортовано zadarma_api_webhook
2025-08-03 12:06:17,478 - webhook_processor - INFO - 📞 Обробка завершення дзвінка: 637442017 -> cancel
2025-08-03 12:06:17,478 - webhook_processor - INFO - 🔍 Пошук по PBX ID in_355f33393c0424b5a456483c7c2334e6955b36ca: не знайдено
2025-08-03 12:06:17,478 - webhook_processor - INFO - ℹ️ Дзвінок in_355f33393c0424b5a456483c7c2334e6955b36ca (637442017) не відстежується нашою системою
{"success": true, "message": "Call not tracked by our system"}

[2025-08-03 09:06:17] 📊 Python exit code: 0

[2025-08-03 09:06:17] ✅ Telegram bot event processed successfully
