🚀 ПОЧАТОК ЩОДЕННОГО ОБСЛУГОВУВАННЯ
🕐 2025-07-19 23:00:02
==================================
1️⃣ Запуск моніторингу...
2️⃣ Архівація логів...
3️⃣ Генерація звітів...
✅ Звіт збережено: /home/gomoncli/zadarma/reports/daily_report_2025-07-19.txt
📱 Звіт надіслано в Telegram
4️⃣ Перевірка дискового простору...
💾 Використання диску: 79%
✅ Дисковий простір в нормі
5️⃣ Перевірка системи...
📦 Пакетний менеджер не визначено
6️⃣ Швидка перевірка webhook...
✅ Webhook доступний
==================================
✅ ЩОДЕННЕ ОБСЛУГОВУВАННЯ ЗАВЕРШЕНО
🕐 2025-07-19 23:00:03
🚀 ПОЧАТОК ЩОДЕННОГО ОБСЛУГОВУВАННЯ
🕐 2025-07-20 23:00:03
==================================
1️⃣ Запуск моніторингу...
2️⃣ Архівація логів...
3️⃣ Генерація звітів...
✅ Звіт збережено: /home/gomoncli/zadarma/reports/daily_report_2025-07-20.txt
📱 Звіт надіслано в Telegram
4️⃣ Перевірка дискового простору...
💾 Використання диску: 78%
✅ Дисковий простір в нормі
5️⃣ Перевірка системи...
📦 Пакетний менеджер не визначено
6️⃣ Швидка перевірка webhook...
✅ Webhook доступний
==================================
✅ ЩОДЕННЕ ОБСЛУГОВУВАННЯ ЗАВЕРШЕНО
🕐 2025-07-20 23:00:04
🚀 ПОЧАТОК ЩОДЕННОГО ОБСЛУГОВУВАННЯ
🕐 2025-07-21 23:00:03
==================================
1️⃣ Запуск моніторингу...
2️⃣ Архівація логів...
3️⃣ Генерація звітів...
✅ Звіт збережено: /home/gomoncli/zadarma/reports/daily_report_2025-07-21.txt
📱 Звіт надіслано в Telegram
4️⃣ Перевірка дискового простору...
💾 Використання диску: 78%
✅ Дисковий простір в нормі
5️⃣ Перевірка системи...
📦 Пакетний менеджер не визначено
6️⃣ Швидка перевірка webhook...
✅ Webhook доступний
==================================
✅ ЩОДЕННЕ ОБСЛУГОВУВАННЯ ЗАВЕРШЕНО
🕐 2025-07-21 23:00:03
🚀 ПОЧАТОК ЩОДЕННОГО ОБСЛУГОВУВАННЯ
🕐 2025-07-22 23:00:02
==================================
1️⃣ Запуск моніторингу...
2️⃣ Архівація логів...
3️⃣ Генерація звітів...
✅ Звіт збережено: /home/gomoncli/zadarma/reports/daily_report_2025-07-22.txt
📱 Звіт надіслано в Telegram
4️⃣ Перевірка дискового простору...
💾 Використання диску: 79%
✅ Дисковий простір в нормі
5️⃣ Перевірка системи...
📦 Пакетний менеджер не визначено
6️⃣ Швидка перевірка webhook...
✅ Webhook доступний
==================================
✅ ЩОДЕННЕ ОБСЛУГОВУВАННЯ ЗАВЕРШЕНО
🕐 2025-07-22 23:00:03
🚀 ПОЧАТОК ЩОДЕННОГО ОБСЛУГОВУВАННЯ
🕐 2025-07-23 23:00:02
==================================
1️⃣ Запуск моніторингу...
2️⃣ Архівація логів...
3️⃣ Генерація звітів...
✅ Звіт збережено: /home/gomoncli/zadarma/reports/daily_report_2025-07-23.txt
📱 Звіт надіслано в Telegram
4️⃣ Перевірка дискового простору...
💾 Використання диску: 79%
✅ Дисковий простір в нормі
5️⃣ Перевірка системи...
📦 Пакетний менеджер не визначено
6️⃣ Швидка перевірка webhook...
✅ Webhook доступний
==================================
✅ ЩОДЕННЕ ОБСЛУГОВУВАННЯ ЗАВЕРШЕНО
🕐 2025-07-23 23:00:03
🚀 ПОЧАТОК ЩОДЕННОГО ОБСЛУГОВУВАННЯ
🕐 2025-07-24 23:00:03
==================================
1️⃣ Запуск моніторингу...
2️⃣ Архівація логів...
3️⃣ Генерація звітів...
✅ Звіт збережено: /home/gomoncli/zadarma/reports/daily_report_2025-07-24.txt
📱 Звіт надіслано в Telegram
4️⃣ Перевірка дискового простору...
💾 Використання диску: 79%
✅ Дисковий простір в нормі
5️⃣ Перевірка системи...
📦 Пакетний менеджер не визначено
6️⃣ Швидка перевірка webhook...
✅ Webhook доступний
==================================
✅ ЩОДЕННЕ ОБСЛУГОВУВАННЯ ЗАВЕРШЕНО
🕐 2025-07-24 23:00:03
🚀 ПОЧАТОК ЩОДЕННОГО ОБСЛУГОВУВАННЯ
🕐 2025-07-25 23:00:01
==================================
1️⃣ Запуск моніторингу...
2️⃣ Архівація логів...
3️⃣ Генерація звітів...
✅ Звіт збережено: /home/gomoncli/zadarma/reports/daily_report_2025-07-25.txt
📱 Звіт надіслано в Telegram
4️⃣ Перевірка дискового простору...
💾 Використання диску: 79%
✅ Дисковий простір в нормі
5️⃣ Перевірка системи...
📦 Пакетний менеджер не визначено
6️⃣ Швидка перевірка webhook...
✅ Webhook доступний
==================================
✅ ЩОДЕННЕ ОБСЛУГОВУВАННЯ ЗАВЕРШЕНО
🕐 2025-07-25 23:00:02
🚀 ПОЧАТОК ЩОДЕННОГО ОБСЛУГОВУВАННЯ
🕐 2025-07-26 23:00:01
==================================
1️⃣ Запуск моніторингу...
2️⃣ Архівація логів...
3️⃣ Генерація звітів...
✅ Звіт збережено: /home/gomoncli/zadarma/reports/daily_report_2025-07-26.txt
📱 Звіт надіслано в Telegram
4️⃣ Перевірка дискового простору...
💾 Використання диску: 79%
✅ Дисковий простір в нормі
5️⃣ Перевірка системи...
📦 Пакетний менеджер не визначено
6️⃣ Швидка перевірка webhook...
✅ Webhook доступний
==================================
✅ ЩОДЕННЕ ОБСЛУГОВУВАННЯ ЗАВЕРШЕНО
🕐 2025-07-26 23:00:02
🚀 ПОЧАТОК ЩОДЕННОГО ОБСЛУГОВУВАННЯ
🕐 2025-07-27 23:00:01
==================================
1️⃣ Запуск моніторингу...
2️⃣ Архівація логів...
3️⃣ Генерація звітів...
✅ Звіт збережено: /home/gomoncli/zadarma/reports/daily_report_2025-07-27.txt
📱 Звіт надіслано в Telegram
4️⃣ Перевірка дискового простору...
💾 Використання диску: 79%
✅ Дисковий простір в нормі
5️⃣ Перевірка системи...
📦 Пакетний менеджер не визначено
6️⃣ Швидка перевірка webhook...
✅ Webhook доступний
==================================
✅ ЩОДЕННЕ ОБСЛУГОВУВАННЯ ЗАВЕРШЕНО
🕐 2025-07-27 23:00:02
🚀 ПОЧАТОК ЩОДЕННОГО ОБСЛУГОВУВАННЯ
🕐 2025-07-28 23:00:02
==================================
1️⃣ Запуск моніторингу...
2️⃣ Архівація логів...
3️⃣ Генерація звітів...
✅ Звіт збережено: /home/gomoncli/zadarma/reports/daily_report_2025-07-28.txt
📱 Звіт надіслано в Telegram
4️⃣ Перевірка дискового простору...
💾 Використання диску: 79%
✅ Дисковий простір в нормі
5️⃣ Перевірка системи...
📦 Пакетний менеджер не визначено
6️⃣ Швидка перевірка webhook...
✅ Webhook доступний
==================================
✅ ЩОДЕННЕ ОБСЛУГОВУВАННЯ ЗАВЕРШЕНО
🕐 2025-07-28 23:00:03
/bin/sh: /home/gomoncli/zadarma/daily_maintenance.sh: Permission denied
/bin/sh: /home/gomoncli/zadarma/daily_maintenance.sh: Permission denied
/bin/sh: /home/gomoncli/zadarma/daily_maintenance.sh: Permission denied
/bin/sh: /home/gomoncli/zadarma/daily_maintenance.sh: Permission denied
