[2025-07-18 23:36:09] 🚀 ПОЧАТОК ЩОДЕННОГО МОНІТОРИНГУ
[2025-07-18 23:36:09] 🔍 Перевірка здоров'я webhook...
[2025-07-18 23:36:09] ✅ Webhook доступний (HTTP 200)
[2025-07-18 23:36:09] 📊 Перевірка розміру логів...
[2025-07-18 23:36:09] 📋 Розмір webhook.log: 60K
[2025-07-18 23:36:09] 📈 Аналіз денної статистики...
[2025-07-18 23:36:09] 📊 Статистика за 2025-07-18:
[2025-07-18 23:36:09]    📞 Всього дзвінків: 56
[2025-07-18 23:36:09]    🎯 Internal дзвінки: 56
[2025-07-18 23:36:09]    🏠 Відкриття хвіртки: 6
[2025-07-18 23:36:09]    🚪 Відкриття воріт: 3
[2025-07-18 23:36:09]    📱 SMS надіслано: 4
[2025-07-18 23:36:09]    ❌ Помилки: 12
[2025-07-18 23:36:09] ⚠️ УВАГА: Багато помилок за день (12)
[2025-07-18 23:36:09] 🕐 Перевірка недавньої активності...
[2025-07-18 23:36:09] ✅ Активність нормальна: 56 подій за 24 години
[2025-07-18 23:36:09] 🧪 Тестування функціональності webhook...
[2025-07-18 23:36:09] ❌ Webhook статус некоректний: 
[2025-07-18 23:36:09] ✅ МОНІТОРИНГ ЗАВЕРШЕНО
[2025-07-18 23:36:09] ARCHIVE: 🚀 ПОЧАТОК АРХІВАЦІЇ
[2025-07-18 23:36:09] ARCHIVE: 📊 Поточний розмір webhook.log: 0MB
[2025-07-18 23:36:09] ARCHIVE: ✅ Архівація не потрібна (розмір: 0MB)
[2025-07-18 23:36:09] ARCHIVE: 🧹 Очищення старих архівів (старіше 30 днів)...
[2025-07-18 23:36:09] ARCHIVE: ✅ Старих архівів не знайдено
[2025-07-18 23:36:09] ARCHIVE: ✅ АРХІВАЦІЯ ЗАВЕРШЕНА
[2025-07-18 23:37:58] 🚀 ПОЧАТОК ЩОДЕННОГО МОНІТОРИНГУ
[2025-07-18 23:37:58] 🔍 Перевірка здоров'я webhook...
[2025-07-18 23:37:59] ✅ Webhook доступний (HTTP 200)
[2025-07-18 23:37:59] 📊 Перевірка розміру логів...
[2025-07-18 23:37:59] 📋 Розмір webhook.log: 60K
[2025-07-18 23:37:59] 📈 Аналіз денної статистики...
[2025-07-18 23:37:59] 📊 Статистика за 2025-07-18:
[2025-07-18 23:37:59]    📞 Всього дзвінків: 56
[2025-07-18 23:37:59]    🎯 Internal дзвінки: 56
[2025-07-18 23:37:59]    🏠 Відкриття хвіртки: 6
[2025-07-18 23:37:59]    🚪 Відкриття воріт: 3
[2025-07-18 23:37:59]    📱 SMS надіслано: 4
[2025-07-18 23:37:59]    ❌ Помилки: 12
[2025-07-18 23:37:59] ⚠️ УВАГА: Багато помилок за день (12)
[2025-07-18 23:37:59] 🧪 Тестування функціональності webhook...
[2025-07-18 23:37:59] ❌ Webhook статус некоректний
[2025-07-18 23:37:59] ✅ МОНІТОРИНГ ЗАВЕРШЕНО
[2025-07-18 23:37:59] ARCHIVE: 🚀 ПОЧАТОК АРХІВАЦІЇ
[2025-07-18 23:37:59] ARCHIVE: 📊 Поточний розмір webhook.log: 0MB
[2025-07-18 23:37:59] ARCHIVE: ✅ Архівація не потрібна (розмір: 0MB)
[2025-07-18 23:37:59] ARCHIVE: 🧹 Очищення старих архівів (старіше 30 днів)...
[2025-07-18 23:37:59] ARCHIVE: ✅ Старих архівів не знайдено
[2025-07-18 23:37:59] ARCHIVE: ✅ АРХІВАЦІЯ ЗАВЕРШЕНА
[2025-07-19 23:00:02] 🚀 ПОЧАТОК ЩОДЕННОГО МОНІТОРИНГУ
[2025-07-19 23:00:02] 🔍 Перевірка здоров'я webhook...
[2025-07-19 23:00:02] ✅ Webhook доступний (HTTP 200)
[2025-07-19 23:00:02] 📊 Перевірка розміру логів...
[2025-07-19 23:00:02] 📋 Розмір webhook.log: 68K
[2025-07-19 23:00:02] 📈 Аналіз денної статистики...
[2025-07-19 23:00:02] 📊 Статистика за 2025-07-19:
[2025-07-19 23:00:02]    📞 Всього дзвінків: 5
[2025-07-19 23:00:02]    🎯 Internal дзвінки: 3
[2025-07-19 23:00:02]    🏠 Відкриття хвіртки: 0
[2025-07-19 23:00:02]    🚪 Відкриття воріт: 0
[2025-07-19 23:00:02]    📱 SMS надіслано: 2
[2025-07-19 23:00:02]    ❌ Помилки: 1
[2025-07-19 23:00:02] 🧪 Тестування функціональності webhook...
[2025-07-19 23:00:03] ❌ Webhook статус некоректний
[2025-07-19 23:00:03] ✅ МОНІТОРИНГ ЗАВЕРШЕНО
[2025-07-19 23:00:03] ARCHIVE: 🚀 ПОЧАТОК АРХІВАЦІЇ
[2025-07-19 23:00:03] ARCHIVE: 📊 Поточний розмір webhook.log: 0MB
[2025-07-19 23:00:03] ARCHIVE: ✅ Архівація не потрібна (розмір: 0MB)
[2025-07-19 23:00:03] ARCHIVE: 🧹 Очищення старих архівів (старіше 30 днів)...
[2025-07-19 23:00:03] ARCHIVE: ✅ Старих архівів не знайдено
[2025-07-19 23:00:03] ARCHIVE: ✅ АРХІВАЦІЯ ЗАВЕРШЕНА
[2025-07-20 23:00:03] 🚀 ПОЧАТОК ЩОДЕННОГО МОНІТОРИНГУ
[2025-07-20 23:00:03] 🔍 Перевірка здоров'я webhook...
[2025-07-20 23:00:03] ✅ Webhook доступний (HTTP 200)
[2025-07-20 23:00:03] 📊 Перевірка розміру логів...
[2025-07-20 23:00:03] 📋 Розмір webhook.log: 72K
[2025-07-20 23:00:03] 📈 Аналіз денної статистики...
[2025-07-20 23:00:03] 📊 Статистика за 2025-07-20:
[2025-07-20 23:00:03]    📞 Всього дзвінків: 4
[2025-07-20 23:00:03]    🎯 Internal дзвінки: 2
[2025-07-20 23:00:03]    🏠 Відкриття хвіртки: 0
[2025-07-20 23:00:03]    🚪 Відкриття воріт: 1
[2025-07-20 23:00:03]    📱 SMS надіслано: 0
[2025-07-20 23:00:03]    ❌ Помилки: 0
[2025-07-20 23:00:03] 🧪 Тестування функціональності webhook...
[2025-07-20 23:00:03] ❌ Webhook статус некоректний
[2025-07-20 23:00:03] ✅ МОНІТОРИНГ ЗАВЕРШЕНО
[2025-07-20 23:00:03] ARCHIVE: 🚀 ПОЧАТОК АРХІВАЦІЇ
[2025-07-20 23:00:03] ARCHIVE: 📊 Поточний розмір webhook.log: 0MB
[2025-07-20 23:00:03] ARCHIVE: ✅ Архівація не потрібна (розмір: 0MB)
[2025-07-20 23:00:03] ARCHIVE: 🧹 Очищення старих архівів (старіше 30 днів)...
[2025-07-20 23:00:03] ARCHIVE: ✅ Старих архівів не знайдено
[2025-07-20 23:00:03] ARCHIVE: ✅ АРХІВАЦІЯ ЗАВЕРШЕНА
[2025-07-21 23:00:03] 🚀 ПОЧАТОК ЩОДЕННОГО МОНІТОРИНГУ
[2025-07-21 23:00:03] 🔍 Перевірка здоров'я webhook...
[2025-07-21 23:00:03] ✅ Webhook доступний (HTTP 200)
[2025-07-21 23:00:03] 📊 Перевірка розміру логів...
[2025-07-21 23:00:03] 📋 Розмір webhook.log: 76K
[2025-07-21 23:00:03] 📈 Аналіз денної статистики...
[2025-07-21 23:00:03] 📊 Статистика за 2025-07-21:
[2025-07-21 23:00:03]    📞 Всього дзвінків: 0
[2025-07-21 23:00:03]    🎯 Internal дзвінки: 0
[2025-07-21 23:00:03]    🏠 Відкриття хвіртки: 0
[2025-07-21 23:00:03]    🚪 Відкриття воріт: 0
[2025-07-21 23:00:03]    📱 SMS надіслано: 0
[2025-07-21 23:00:03]    ❌ Помилки: 0
[2025-07-21 23:00:03] 🧪 Тестування функціональності webhook...
[2025-07-21 23:00:03] ❌ Webhook статус некоректний
[2025-07-21 23:00:03] ✅ МОНІТОРИНГ ЗАВЕРШЕНО
[2025-07-21 23:00:03] ARCHIVE: 🚀 ПОЧАТОК АРХІВАЦІЇ
[2025-07-21 23:00:03] ARCHIVE: 📊 Поточний розмір webhook.log: 0MB
[2025-07-21 23:00:03] ARCHIVE: ✅ Архівація не потрібна (розмір: 0MB)
[2025-07-21 23:00:03] ARCHIVE: 🧹 Очищення старих архівів (старіше 30 днів)...
[2025-07-21 23:00:03] ARCHIVE: ✅ Старих архівів не знайдено
[2025-07-21 23:00:03] ARCHIVE: ✅ АРХІВАЦІЯ ЗАВЕРШЕНА
[2025-07-22 23:00:02] 🚀 ПОЧАТОК ЩОДЕННОГО МОНІТОРИНГУ
[2025-07-22 23:00:02] 🔍 Перевірка здоров'я webhook...
[2025-07-22 23:00:03] ✅ Webhook доступний (HTTP 200)
[2025-07-22 23:00:03] 📊 Перевірка розміру логів...
[2025-07-22 23:00:03] 📋 Розмір webhook.log: 76K
[2025-07-22 23:00:03] 📈 Аналіз денної статистики...
[2025-07-22 23:00:03] 📊 Статистика за 2025-07-22:
[2025-07-22 23:00:03]    📞 Всього дзвінків: 2
[2025-07-22 23:00:03]    🎯 Internal дзвінки: 0
[2025-07-22 23:00:03]    🏠 Відкриття хвіртки: 0
[2025-07-22 23:00:03]    🚪 Відкриття воріт: 0
[2025-07-22 23:00:03]    📱 SMS надіслано: 0
[2025-07-22 23:00:03]    ❌ Помилки: 0
[2025-07-22 23:00:03] 🧪 Тестування функціональності webhook...
[2025-07-22 23:00:03] ❌ Webhook статус некоректний
[2025-07-22 23:00:03] ✅ МОНІТОРИНГ ЗАВЕРШЕНО
[2025-07-22 23:00:03] ARCHIVE: 🚀 ПОЧАТОК АРХІВАЦІЇ
[2025-07-22 23:00:03] ARCHIVE: 📊 Поточний розмір webhook.log: 0MB
[2025-07-22 23:00:03] ARCHIVE: ✅ Архівація не потрібна (розмір: 0MB)
[2025-07-22 23:00:03] ARCHIVE: 🧹 Очищення старих архівів (старіше 30 днів)...
[2025-07-22 23:00:03] ARCHIVE: ✅ Старих архівів не знайдено
[2025-07-22 23:00:03] ARCHIVE: ✅ АРХІВАЦІЯ ЗАВЕРШЕНА
[2025-07-23 23:00:02] 🚀 ПОЧАТОК ЩОДЕННОГО МОНІТОРИНГУ
[2025-07-23 23:00:02] 🔍 Перевірка здоров'я webhook...
[2025-07-23 23:00:02] ✅ Webhook доступний (HTTP 200)
[2025-07-23 23:00:03] 📊 Перевірка розміру логів...
[2025-07-23 23:00:03] 📋 Розмір webhook.log: 80K
[2025-07-23 23:00:03] 📈 Аналіз денної статистики...
[2025-07-23 23:00:03] 📊 Статистика за 2025-07-23:
[2025-07-23 23:00:03]    📞 Всього дзвінків: 3
[2025-07-23 23:00:03]    🎯 Internal дзвінки: 1
[2025-07-23 23:00:03]    🏠 Відкриття хвіртки: 0
[2025-07-23 23:00:03]    🚪 Відкриття воріт: 1
[2025-07-23 23:00:03]    📱 SMS надіслано: 0
[2025-07-23 23:00:03]    ❌ Помилки: 0
[2025-07-23 23:00:03] 🧪 Тестування функціональності webhook...
[2025-07-23 23:00:03] ❌ Webhook статус некоректний
[2025-07-23 23:00:03] ✅ МОНІТОРИНГ ЗАВЕРШЕНО
[2025-07-23 23:00:03] ARCHIVE: 🚀 ПОЧАТОК АРХІВАЦІЇ
[2025-07-23 23:00:03] ARCHIVE: 📊 Поточний розмір webhook.log: 0MB
[2025-07-23 23:00:03] ARCHIVE: ✅ Архівація не потрібна (розмір: 0MB)
[2025-07-23 23:00:03] ARCHIVE: 🧹 Очищення старих архівів (старіше 30 днів)...
[2025-07-23 23:00:03] ARCHIVE: ✅ Старих архівів не знайдено
[2025-07-23 23:00:03] ARCHIVE: ✅ АРХІВАЦІЯ ЗАВЕРШЕНА
[2025-07-24 23:00:03] 🚀 ПОЧАТОК ЩОДЕННОГО МОНІТОРИНГУ
[2025-07-24 23:00:03] 🔍 Перевірка здоров'я webhook...
[2025-07-24 23:00:03] ✅ Webhook доступний (HTTP 200)
[2025-07-24 23:00:03] 📊 Перевірка розміру логів...
[2025-07-24 23:00:03] 📋 Розмір webhook.log: 80K
[2025-07-24 23:00:03] 📈 Аналіз денної статистики...
[2025-07-24 23:00:03] 📊 Статистика за 2025-07-24:
[2025-07-24 23:00:03]    📞 Всього дзвінків: 0
[2025-07-24 23:00:03]    🎯 Internal дзвінки: 0
[2025-07-24 23:00:03]    🏠 Відкриття хвіртки: 0
[2025-07-24 23:00:03]    🚪 Відкриття воріт: 0
[2025-07-24 23:00:03]    📱 SMS надіслано: 0
[2025-07-24 23:00:03]    ❌ Помилки: 0
[2025-07-24 23:00:03] 🧪 Тестування функціональності webhook...
[2025-07-24 23:00:03] ❌ Webhook статус некоректний
[2025-07-24 23:00:03] ✅ МОНІТОРИНГ ЗАВЕРШЕНО
[2025-07-24 23:00:03] ARCHIVE: 🚀 ПОЧАТОК АРХІВАЦІЇ
[2025-07-24 23:00:03] ARCHIVE: 📊 Поточний розмір webhook.log: 0MB
[2025-07-24 23:00:03] ARCHIVE: ✅ Архівація не потрібна (розмір: 0MB)
[2025-07-24 23:00:03] ARCHIVE: 🧹 Очищення старих архівів (старіше 30 днів)...
[2025-07-24 23:00:03] ARCHIVE: ✅ Старих архівів не знайдено
[2025-07-24 23:00:03] ARCHIVE: ✅ АРХІВАЦІЯ ЗАВЕРШЕНА
[2025-07-25 23:00:01] 🚀 ПОЧАТОК ЩОДЕННОГО МОНІТОРИНГУ
[2025-07-25 23:00:01] 🔍 Перевірка здоров'я webhook...
[2025-07-25 23:00:02] ✅ Webhook доступний (HTTP 200)
[2025-07-25 23:00:02] 📊 Перевірка розміру логів...
[2025-07-25 23:00:02] 📋 Розмір webhook.log: 80K
[2025-07-25 23:00:02] 📈 Аналіз денної статистики...
[2025-07-25 23:00:02] 📊 Статистика за 2025-07-25:
[2025-07-25 23:00:02]    📞 Всього дзвінків: 0
[2025-07-25 23:00:02]    🎯 Internal дзвінки: 0
[2025-07-25 23:00:02]    🏠 Відкриття хвіртки: 0
[2025-07-25 23:00:02]    🚪 Відкриття воріт: 0
[2025-07-25 23:00:02]    📱 SMS надіслано: 0
[2025-07-25 23:00:02]    ❌ Помилки: 0
[2025-07-25 23:00:02] 🧪 Тестування функціональності webhook...
[2025-07-25 23:00:02] ❌ Webhook статус некоректний
[2025-07-25 23:00:02] ✅ МОНІТОРИНГ ЗАВЕРШЕНО
[2025-07-25 23:00:02] ARCHIVE: 🚀 ПОЧАТОК АРХІВАЦІЇ
[2025-07-25 23:00:02] ARCHIVE: 📊 Поточний розмір webhook.log: 0MB
[2025-07-25 23:00:02] ARCHIVE: ✅ Архівація не потрібна (розмір: 0MB)
[2025-07-25 23:00:02] ARCHIVE: 🧹 Очищення старих архівів (старіше 30 днів)...
[2025-07-25 23:00:02] ARCHIVE: ✅ Старих архівів не знайдено
[2025-07-25 23:00:02] ARCHIVE: ✅ АРХІВАЦІЯ ЗАВЕРШЕНА
[2025-07-26 23:00:01] 🚀 ПОЧАТОК ЩОДЕННОГО МОНІТОРИНГУ
[2025-07-26 23:00:01] 🔍 Перевірка здоров'я webhook...
[2025-07-26 23:00:01] ✅ Webhook доступний (HTTP 200)
[2025-07-26 23:00:01] 📊 Перевірка розміру логів...
[2025-07-26 23:00:01] 📋 Розмір webhook.log: 80K
[2025-07-26 23:00:01] 📈 Аналіз денної статистики...
[2025-07-26 23:00:01] 📊 Статистика за 2025-07-26:
[2025-07-26 23:00:01]    📞 Всього дзвінків: 4
[2025-07-26 23:00:01]    🎯 Internal дзвінки: 1
[2025-07-26 23:00:01]    🏠 Відкриття хвіртки: 0
[2025-07-26 23:00:01]    🚪 Відкриття воріт: 0
[2025-07-26 23:00:01]    📱 SMS надіслано: 0
[2025-07-26 23:00:01]    ❌ Помилки: 0
[2025-07-26 23:00:01] 🧪 Тестування функціональності webhook...
[2025-07-26 23:00:01] ❌ Webhook статус некоректний
[2025-07-26 23:00:01] ✅ МОНІТОРИНГ ЗАВЕРШЕНО
[2025-07-26 23:00:01] ARCHIVE: 🚀 ПОЧАТОК АРХІВАЦІЇ
[2025-07-26 23:00:01] ARCHIVE: 📊 Поточний розмір webhook.log: 0MB
[2025-07-26 23:00:01] ARCHIVE: ✅ Архівація не потрібна (розмір: 0MB)
[2025-07-26 23:00:01] ARCHIVE: 🧹 Очищення старих архівів (старіше 30 днів)...
[2025-07-26 23:00:01] ARCHIVE: ✅ Старих архівів не знайдено
[2025-07-26 23:00:01] ARCHIVE: ✅ АРХІВАЦІЯ ЗАВЕРШЕНА
[2025-07-27 23:00:01] 🚀 ПОЧАТОК ЩОДЕННОГО МОНІТОРИНГУ
[2025-07-27 23:00:01] 🔍 Перевірка здоров'я webhook...
[2025-07-27 23:00:01] ✅ Webhook доступний (HTTP 200)
[2025-07-27 23:00:01] 📊 Перевірка розміру логів...
[2025-07-27 23:00:01] 📋 Розмір webhook.log: 84K
[2025-07-27 23:00:01] 📈 Аналіз денної статистики...
[2025-07-27 23:00:01] 📊 Статистика за 2025-07-27:
[2025-07-27 23:00:01]    📞 Всього дзвінків: 10
[2025-07-27 23:00:01]    🎯 Internal дзвінки: 0
[2025-07-27 23:00:01]    🏠 Відкриття хвіртки: 0
[2025-07-27 23:00:01]    🚪 Відкриття воріт: 0
[2025-07-27 23:00:01]    📱 SMS надіслано: 0
[2025-07-27 23:00:01]    ❌ Помилки: 0
[2025-07-27 23:00:01] 🧪 Тестування функціональності webhook...
[2025-07-27 23:00:01] ❌ Webhook статус некоректний
[2025-07-27 23:00:01] ✅ МОНІТОРИНГ ЗАВЕРШЕНО
[2025-07-27 23:00:01] ARCHIVE: 🚀 ПОЧАТОК АРХІВАЦІЇ
[2025-07-27 23:00:01] ARCHIVE: 📊 Поточний розмір webhook.log: 0MB
[2025-07-27 23:00:01] ARCHIVE: ✅ Архівація не потрібна (розмір: 0MB)
[2025-07-27 23:00:01] ARCHIVE: 🧹 Очищення старих архівів (старіше 30 днів)...
[2025-07-27 23:00:01] ARCHIVE: ✅ Старих архівів не знайдено
[2025-07-27 23:00:01] ARCHIVE: ✅ АРХІВАЦІЯ ЗАВЕРШЕНА
[2025-07-28 23:00:02] 🚀 ПОЧАТОК ЩОДЕННОГО МОНІТОРИНГУ
[2025-07-28 23:00:02] 🔍 Перевірка здоров'я webhook...
[2025-07-28 23:00:02] ✅ Webhook доступний (HTTP 200)
[2025-07-28 23:00:02] 📊 Перевірка розміру логів...
[2025-07-28 23:00:02] 📋 Розмір webhook.log: 12K
[2025-07-28 23:00:02] 📈 Аналіз денної статистики...
[2025-07-28 23:00:02] 📊 Статистика за 2025-07-28:
[2025-07-28 23:00:02]    📞 Всього дзвінків: 10
[2025-07-28 23:00:02]    🎯 Internal дзвінки: 1
[2025-07-28 23:00:02]    🏠 Відкриття хвіртки: 1
[2025-07-28 23:00:02]    🚪 Відкриття воріт: 0
[2025-07-28 23:00:02]    📱 SMS надіслано: 0
[2025-07-28 23:00:02]    ❌ Помилки: 0
[2025-07-28 23:00:02] 🧪 Тестування функціональності webhook...
[2025-07-28 23:00:02] ❌ Webhook статус некоректний
[2025-07-28 23:00:02] ✅ МОНІТОРИНГ ЗАВЕРШЕНО
[2025-07-28 23:00:02] ARCHIVE: 🚀 ПОЧАТОК АРХІВАЦІЇ
[2025-07-28 23:00:02] ARCHIVE: 📊 Поточний розмір webhook.log: 0MB
[2025-07-28 23:00:02] ARCHIVE: ✅ Архівація не потрібна (розмір: 0MB)
[2025-07-28 23:00:02] ARCHIVE: 🧹 Очищення старих архівів (старіше 30 днів)...
[2025-07-28 23:00:02] ARCHIVE: ✅ Старих архівів не знайдено
[2025-07-28 23:00:02] ARCHIVE: ✅ АРХІВАЦІЯ ЗАВЕРШЕНА
