[2025-07-20 11:11:31] 🔄 Запуск синхронізації з повідомленням...
INFO:__main__:🔄 Запуск синхронізації клієнтів...
INFO:sync_clients:🔄 Запуск синхронізації клієнтів...
INFO:sync_clients:🔄 Звичайне оновлення - завантажуємо нових клієнтів
INFO:sync_clients:🔄 Оновлення клієнтів за останню добу...
INFO:sync_clients:📅 Період: 2025-07-19T08:11:31.000Z - 2025-07-20T08:11:31.999Z
INFO:sync_clients:🌐 Запит до API: page=0, size=100, period=2025-07-19T08:11:31.000Z to 2025-07-20T08:11:31.999Z
INFO:sync_clients:✅ Отримано 0 клієнтів (сторінка 1/0)
INFO:sync_clients:ℹ️  Нових клієнтів за останню добу не знайдено
INFO:sync_clients:✅ Синхронізація завершена
INFO:__main__:📱 Telegram повідомлення відправлено
INFO:__main__:✅ Синхронізація та повідомлення завершено
[2025-07-20 11:11:31] ✅ Синхронізація завершена
[2025-07-20 21:00:02] 🔄 Запуск синхронізації з повідомленням...
INFO:__main__:🔄 Запуск синхронізації клієнтів...
INFO:sync_clients:🔄 Запуск синхронізації клієнтів...
INFO:sync_clients:🔄 Звичайне оновлення - завантажуємо нових клієнтів
INFO:sync_clients:🔄 Оновлення клієнтів за останню добу...
INFO:sync_clients:📅 Період: 2025-07-19T18:00:02.000Z - 2025-07-20T18:00:02.999Z
INFO:sync_clients:🌐 Запит до API: page=0, size=100, period=2025-07-19T18:00:02.000Z to 2025-07-20T18:00:02.999Z
INFO:sync_clients:✅ Отримано 0 клієнтів (сторінка 1/0)
INFO:sync_clients:ℹ️  Нових клієнтів за останню добу не знайдено
INFO:sync_clients:✅ Синхронізація завершена
INFO:__main__:📱 Telegram повідомлення відправлено
INFO:__main__:✅ Синхронізація та повідомлення завершено
[2025-07-20 21:00:02] ✅ Синхронізація завершена
[2025-07-21 09:00:02] 🔄 Запуск синхронізації з повідомленням...
INFO:__main__:🔄 Запуск синхронізації клієнтів...
INFO:sync_clients:🔄 Запуск синхронізації клієнтів...
INFO:sync_clients:🔄 Звичайне оновлення - завантажуємо нових клієнтів
INFO:sync_clients:🔄 Оновлення клієнтів за останню добу...
INFO:sync_clients:📅 Період: 2025-07-20T06:00:03.000Z - 2025-07-21T06:00:03.999Z
INFO:sync_clients:🌐 Запит до API: page=0, size=100, period=2025-07-20T06:00:03.000Z to 2025-07-21T06:00:03.999Z
INFO:sync_clients:✅ Отримано 0 клієнтів (сторінка 1/0)
INFO:sync_clients:ℹ️  Нових клієнтів за останню добу не знайдено
INFO:sync_clients:✅ Синхронізація завершена
INFO:__main__:📱 Telegram повідомлення відправлено
INFO:__main__:✅ Синхронізація та повідомлення завершено
[2025-07-21 09:00:02] ✅ Синхронізація завершена
[2025-07-21 21:00:03] 🔄 Запуск синхронізації з повідомленням...
INFO:__main__:🔄 Запуск синхронізації клієнтів...
INFO:sync_clients:🔄 Запуск синхронізації клієнтів...
INFO:sync_clients:🔄 Звичайне оновлення - завантажуємо нових клієнтів
INFO:sync_clients:🔄 Оновлення клієнтів за останню добу...
INFO:sync_clients:📅 Період: 2025-07-20T18:00:03.000Z - 2025-07-21T18:00:03.999Z
INFO:sync_clients:🌐 Запит до API: page=0, size=100, period=2025-07-20T18:00:03.000Z to 2025-07-21T18:00:03.999Z
INFO:sync_clients:✅ Отримано 1 клієнтів (сторінка 1/1)
INFO:user_db:👤 Додавання/оновлення клієнта: 67867ea8-6611-11f0-a815-9352f320a6c1 (Каріна Стратієнко)
INFO:user_db:✅ Клієнт 67867ea8-6611-11f0-a815-9352f320a6c1 успішно оновлений
INFO:sync_clients:✅ Оновлено 1 клієнтів за останню добу
INFO:sync_clients:📤 Повідомлення адміну відправлено: ✅ Оновлено 1 клієнтів за останню добу
INFO:sync_clients:✅ Синхронізація завершена
INFO:__main__:📱 Telegram повідомлення відправлено
INFO:__main__:✅ Синхронізація та повідомлення завершено
[2025-07-21 21:00:03] ✅ Синхронізація завершена
[2025-07-22 09:00:03] 🔄 Запуск синхронізації з повідомленням...
INFO:__main__:🔄 Запуск синхронізації клієнтів...
INFO:sync_clients:🔄 Запуск синхронізації клієнтів...
INFO:sync_clients:🔄 Звичайне оновлення - завантажуємо нових клієнтів
INFO:sync_clients:🔄 Оновлення клієнтів за останню добу...
INFO:sync_clients:📅 Період: 2025-07-21T06:00:03.000Z - 2025-07-22T06:00:03.999Z
INFO:sync_clients:🌐 Запит до API: page=0, size=100, period=2025-07-21T06:00:03.000Z to 2025-07-22T06:00:03.999Z
INFO:sync_clients:✅ Отримано 1 клієнтів (сторінка 1/1)
INFO:user_db:👤 Додавання/оновлення клієнта: 67867ea8-6611-11f0-a815-9352f320a6c1 (Каріна Стратієнко)
INFO:user_db:✅ Клієнт 67867ea8-6611-11f0-a815-9352f320a6c1 успішно оновлений
INFO:sync_clients:✅ Оновлено 1 клієнтів за останню добу
INFO:sync_clients:📤 Повідомлення адміну відправлено: ✅ Оновлено 1 клієнтів за останню добу
INFO:sync_clients:✅ Синхронізація завершена
INFO:__main__:📱 Telegram повідомлення відправлено
INFO:__main__:✅ Синхронізація та повідомлення завершено
[2025-07-22 09:00:03] ✅ Синхронізація завершена
[2025-07-22 21:00:02] 🔄 Запуск синхронізації з повідомленням...
INFO:__main__:🔄 Запуск синхронізації клієнтів...
INFO:sync_clients:🔄 Запуск синхронізації клієнтів...
INFO:sync_clients:🔄 Звичайне оновлення - завантажуємо нових клієнтів
INFO:sync_clients:🔄 Оновлення клієнтів за останню добу...
INFO:sync_clients:📅 Період: 2025-07-21T18:00:03.000Z - 2025-07-22T18:00:03.999Z
INFO:sync_clients:🌐 Запит до API: page=0, size=100, period=2025-07-21T18:00:03.000Z to 2025-07-22T18:00:03.999Z
INFO:sync_clients:✅ Отримано 1 клієнтів (сторінка 1/1)
INFO:user_db:👤 Додавання/оновлення клієнта: 473c45df-6712-11f0-9f79-d197a86a17b5 (Людмила Чернова)
INFO:user_db:✅ Клієнт 473c45df-6712-11f0-9f79-d197a86a17b5 успішно оновлений
INFO:sync_clients:✅ Оновлено 1 клієнтів за останню добу
INFO:sync_clients:📤 Повідомлення адміну відправлено: ✅ Оновлено 1 клієнтів за останню добу
INFO:sync_clients:✅ Синхронізація завершена
INFO:__main__:📱 Telegram повідомлення відправлено
INFO:__main__:✅ Синхронізація та повідомлення завершено
[2025-07-22 21:00:02] ✅ Синхронізація завершена
[2025-07-23 09:00:03] 🔄 Запуск синхронізації з повідомленням...
INFO:__main__:🔄 Запуск синхронізації клієнтів...
INFO:sync_clients:🔄 Запуск синхронізації клієнтів...
INFO:sync_clients:🔄 Звичайне оновлення - завантажуємо нових клієнтів
INFO:sync_clients:🔄 Оновлення клієнтів за останню добу...
INFO:sync_clients:📅 Період: 2025-07-22T06:00:03.000Z - 2025-07-23T06:00:03.999Z
INFO:sync_clients:🌐 Запит до API: page=0, size=100, period=2025-07-22T06:00:03.000Z to 2025-07-23T06:00:03.999Z
INFO:sync_clients:✅ Отримано 1 клієнтів (сторінка 1/1)
INFO:user_db:👤 Додавання/оновлення клієнта: 473c45df-6712-11f0-9f79-d197a86a17b5 (Людмила Чернова)
INFO:user_db:✅ Клієнт 473c45df-6712-11f0-9f79-d197a86a17b5 успішно оновлений
INFO:sync_clients:✅ Оновлено 1 клієнтів за останню добу
INFO:sync_clients:📤 Повідомлення адміну відправлено: ✅ Оновлено 1 клієнтів за останню добу
INFO:sync_clients:✅ Синхронізація завершена
INFO:__main__:📱 Telegram повідомлення відправлено
INFO:__main__:✅ Синхронізація та повідомлення завершено
[2025-07-23 09:00:03] ✅ Синхронізація завершена
[2025-07-23 21:00:02] 🔄 Запуск синхронізації з повідомленням...
INFO:__main__:🔄 Запуск синхронізації клієнтів...
INFO:sync_clients:🔄 Запуск синхронізації клієнтів...
INFO:sync_clients:🔄 Звичайне оновлення - завантажуємо нових клієнтів
INFO:sync_clients:🔄 Оновлення клієнтів за останню добу...
INFO:sync_clients:📅 Період: 2025-07-22T18:00:02.000Z - 2025-07-23T18:00:02.999Z
INFO:sync_clients:🌐 Запит до API: page=0, size=100, period=2025-07-22T18:00:02.000Z to 2025-07-23T18:00:02.999Z
INFO:sync_clients:✅ Отримано 0 клієнтів (сторінка 1/0)
INFO:sync_clients:ℹ️  Нових клієнтів за останню добу не знайдено
INFO:sync_clients:✅ Синхронізація завершена
INFO:__main__:📱 Telegram повідомлення відправлено
INFO:__main__:✅ Синхронізація та повідомлення завершено
[2025-07-23 21:00:02] ✅ Синхронізація завершена
[2025-07-24 09:00:03] 🔄 Запуск синхронізації з повідомленням...
INFO:__main__:🔄 Запуск синхронізації клієнтів...
INFO:sync_clients:🔄 Запуск синхронізації клієнтів...
INFO:sync_clients:🔄 Звичайне оновлення - завантажуємо нових клієнтів
INFO:sync_clients:🔄 Оновлення клієнтів за останню добу...
INFO:sync_clients:📅 Період: 2025-07-23T06:00:03.000Z - 2025-07-24T06:00:03.999Z
INFO:sync_clients:🌐 Запит до API: page=0, size=100, period=2025-07-23T06:00:03.000Z to 2025-07-24T06:00:03.999Z
INFO:sync_clients:✅ Отримано 1 клієнтів (сторінка 1/1)
INFO:user_db:👤 Додавання/оновлення клієнта: 79f8551c-6852-11f0-9f79-d197a86a17b5 (Наталія Мовчан)
INFO:user_db:✅ Клієнт 79f8551c-6852-11f0-9f79-d197a86a17b5 успішно оновлений
INFO:sync_clients:✅ Оновлено 1 клієнтів за останню добу
INFO:sync_clients:📤 Повідомлення адміну відправлено: ✅ Оновлено 1 клієнтів за останню добу
INFO:sync_clients:✅ Синхронізація завершена
INFO:__main__:📱 Telegram повідомлення відправлено
INFO:__main__:✅ Синхронізація та повідомлення завершено
[2025-07-24 09:00:03] ✅ Синхронізація завершена
[2025-07-24 21:00:03] 🔄 Запуск синхронізації з повідомленням...
INFO:__main__:🔄 Запуск синхронізації клієнтів...
INFO:sync_clients:🔄 Запуск синхронізації клієнтів...
INFO:sync_clients:🔄 Звичайне оновлення - завантажуємо нових клієнтів
INFO:sync_clients:🔄 Оновлення клієнтів за останню добу...
INFO:sync_clients:📅 Період: 2025-07-23T18:00:03.000Z - 2025-07-24T18:00:03.999Z
INFO:sync_clients:🌐 Запит до API: page=0, size=100, period=2025-07-23T18:00:03.000Z to 2025-07-24T18:00:03.999Z
INFO:sync_clients:✅ Отримано 1 клієнтів (сторінка 1/1)
INFO:user_db:👤 Додавання/оновлення клієнта: 79f8551c-6852-11f0-9f79-d197a86a17b5 (Наталія Мовчан)
INFO:user_db:✅ Клієнт 79f8551c-6852-11f0-9f79-d197a86a17b5 успішно оновлений
INFO:sync_clients:✅ Оновлено 1 клієнтів за останню добу
INFO:sync_clients:📤 Повідомлення адміну відправлено: ✅ Оновлено 1 клієнтів за останню добу
INFO:sync_clients:✅ Синхронізація завершена
INFO:__main__:📱 Telegram повідомлення відправлено
INFO:__main__:✅ Синхронізація та повідомлення завершено
[2025-07-24 21:00:03] ✅ Синхронізація завершена
[2025-07-25 09:00:01] 🔄 Запуск синхронізації з повідомленням...
INFO:__main__:🔄 Запуск синхронізації клієнтів...
INFO:sync_clients:🔄 Запуск синхронізації клієнтів...
INFO:sync_clients:🔄 Звичайне оновлення - завантажуємо нових клієнтів
INFO:sync_clients:🔄 Оновлення клієнтів за останню добу...
INFO:sync_clients:📅 Період: 2025-07-24T06:00:01.000Z - 2025-07-25T06:00:01.999Z
INFO:sync_clients:🌐 Запит до API: page=0, size=100, period=2025-07-24T06:00:01.000Z to 2025-07-25T06:00:01.999Z
INFO:sync_clients:✅ Отримано 0 клієнтів (сторінка 1/0)
INFO:sync_clients:ℹ️  Нових клієнтів за останню добу не знайдено
INFO:sync_clients:✅ Синхронізація завершена
INFO:__main__:📱 Telegram повідомлення відправлено
INFO:__main__:✅ Синхронізація та повідомлення завершено
[2025-07-25 09:00:01] ✅ Синхронізація завершена
[2025-07-25 21:00:02] 🔄 Запуск синхронізації з повідомленням...
INFO:__main__:🔄 Запуск синхронізації клієнтів...
INFO:sync_clients:🔄 Запуск синхронізації клієнтів...
INFO:sync_clients:🔄 Звичайне оновлення - завантажуємо нових клієнтів
INFO:sync_clients:🔄 Оновлення клієнтів за останню добу...
INFO:sync_clients:📅 Період: 2025-07-24T18:00:02.000Z - 2025-07-25T18:00:02.999Z
INFO:sync_clients:🌐 Запит до API: page=0, size=100, period=2025-07-24T18:00:02.000Z to 2025-07-25T18:00:02.999Z
INFO:sync_clients:✅ Отримано 1 клієнтів (сторінка 1/1)
INFO:user_db:👤 Додавання/оновлення клієнта: 27ee3e6b-6945-11f0-bd52-e5402aabdc24 (Анна Годованик)
INFO:user_db:✅ Клієнт 27ee3e6b-6945-11f0-bd52-e5402aabdc24 успішно оновлений
INFO:sync_clients:✅ Оновлено 1 клієнтів за останню добу
INFO:sync_clients:📤 Повідомлення адміну відправлено: ✅ Оновлено 1 клієнтів за останню добу
INFO:sync_clients:✅ Синхронізація завершена
INFO:__main__:📱 Telegram повідомлення відправлено
INFO:__main__:✅ Синхронізація та повідомлення завершено
[2025-07-25 21:00:02] ✅ Синхронізація завершена
[2025-07-26 09:00:01] 🔄 Запуск синхронізації з повідомленням...
INFO:__main__:🔄 Запуск синхронізації клієнтів...
INFO:sync_clients:🔄 Запуск синхронізації клієнтів...
INFO:sync_clients:🔄 Звичайне оновлення - завантажуємо нових клієнтів
INFO:sync_clients:🔄 Оновлення клієнтів за останню добу...
INFO:sync_clients:📅 Період: 2025-07-25T06:00:02.000Z - 2025-07-26T06:00:02.999Z
INFO:sync_clients:🌐 Запит до API: page=0, size=100, period=2025-07-25T06:00:02.000Z to 2025-07-26T06:00:02.999Z
INFO:sync_clients:✅ Отримано 2 клієнтів (сторінка 1/1)
INFO:user_db:👤 Додавання/оновлення клієнта: 61515d9e-698e-11f0-bd52-e5402aabdc24 (Анастасія Масляна)
INFO:user_db:✅ Клієнт 61515d9e-698e-11f0-bd52-e5402aabdc24 успішно оновлений
INFO:user_db:👤 Додавання/оновлення клієнта: 27ee3e6b-6945-11f0-bd52-e5402aabdc24 (Анна Годованик)
INFO:user_db:✅ Клієнт 27ee3e6b-6945-11f0-bd52-e5402aabdc24 успішно оновлений
INFO:sync_clients:✅ Оновлено 2 клієнтів за останню добу
INFO:sync_clients:📤 Повідомлення адміну відправлено: ✅ Оновлено 2 клієнтів за останню добу
INFO:sync_clients:✅ Синхронізація завершена
INFO:__main__:📱 Telegram повідомлення відправлено
INFO:__main__:✅ Синхронізація та повідомлення завершено
[2025-07-26 09:00:01] ✅ Синхронізація завершена
[2025-07-26 21:00:01] 🔄 Запуск синхронізації з повідомленням...
INFO:__main__:🔄 Запуск синхронізації клієнтів...
INFO:sync_clients:🔄 Запуск синхронізації клієнтів...
INFO:sync_clients:🔄 Звичайне оновлення - завантажуємо нових клієнтів
INFO:sync_clients:🔄 Оновлення клієнтів за останню добу...
INFO:sync_clients:📅 Період: 2025-07-25T18:00:01.000Z - 2025-07-26T18:00:01.999Z
INFO:sync_clients:🌐 Запит до API: page=0, size=100, period=2025-07-25T18:00:01.000Z to 2025-07-26T18:00:01.999Z
INFO:sync_clients:✅ Отримано 1 клієнтів (сторінка 1/1)
INFO:user_db:👤 Додавання/оновлення клієнта: 61515d9e-698e-11f0-bd52-e5402aabdc24 (Анастасія Масляна)
INFO:user_db:✅ Клієнт 61515d9e-698e-11f0-bd52-e5402aabdc24 успішно оновлений
INFO:sync_clients:✅ Оновлено 1 клієнтів за останню добу
INFO:sync_clients:📤 Повідомлення адміну відправлено: ✅ Оновлено 1 клієнтів за останню добу
INFO:sync_clients:✅ Синхронізація завершена
INFO:__main__:📱 Telegram повідомлення відправлено
INFO:__main__:✅ Синхронізація та повідомлення завершено
[2025-07-26 21:00:01] ✅ Синхронізація завершена
[2025-07-28 09:00:02] 🔄 Запуск синхронізації з повідомленням...
INFO:__main__:🔄 Запуск синхронізації клієнтів...
INFO:sync_clients:🔄 Запуск синхронізації клієнтів...
INFO:sync_clients:🔄 Звичайне оновлення - завантажуємо нових клієнтів
INFO:sync_clients:🔄 Оновлення клієнтів за останню добу...
INFO:sync_clients:📅 Період: 2025-07-27T06:00:02.000Z - 2025-07-28T06:00:02.999Z
INFO:sync_clients:🌐 Запит до API: page=0, size=100, period=2025-07-27T06:00:02.000Z to 2025-07-28T06:00:02.999Z
INFO:sync_clients:✅ Отримано 1 клієнтів (сторінка 1/1)
INFO:user_db:👤 Додавання/оновлення клієнта: e9a43da6-6ac2-11f0-a815-9352f320a6c1 (Світлана Войденко)
INFO:user_db:✅ Клієнт e9a43da6-6ac2-11f0-a815-9352f320a6c1 успішно оновлений
INFO:sync_clients:✅ Оновлено 1 клієнтів за останню добу
INFO:sync_clients:📤 Повідомлення адміну відправлено: ✅ Оновлено 1 клієнтів за останню добу
INFO:sync_clients:✅ Синхронізація завершена
INFO:__main__:📱 Telegram повідомлення відправлено
INFO:__main__:✅ Синхронізація та повідомлення завершено
[2025-07-28 09:00:02] ✅ Синхронізація завершена
[2025-07-28 21:00:01] 🔄 Запуск синхронізації з повідомленням...
INFO:__main__:🔄 Запуск синхронізації клієнтів...
INFO:sync_clients:🔄 Запуск синхронізації клієнтів...
INFO:sync_clients:🔄 Звичайне оновлення - завантажуємо нових клієнтів
INFO:sync_clients:🔄 Оновлення клієнтів за останню добу...
INFO:sync_clients:📅 Період: 2025-07-27T18:00:01.000Z - 2025-07-28T18:00:01.999Z
INFO:sync_clients:🌐 Запит до API: page=0, size=100, period=2025-07-27T18:00:01.000Z to 2025-07-28T18:00:01.999Z
INFO:sync_clients:✅ Отримано 1 клієнтів (сторінка 1/1)
INFO:user_db:👤 Додавання/оновлення клієнта: 31de6793-6bbf-11f0-bd52-e5402aabdc24 (Ольга )
INFO:user_db:✅ Клієнт 31de6793-6bbf-11f0-bd52-e5402aabdc24 успішно оновлений
INFO:sync_clients:✅ Оновлено 1 клієнтів за останню добу
INFO:sync_clients:📤 Повідомлення адміну відправлено: ✅ Оновлено 1 клієнтів за останню добу
INFO:sync_clients:✅ Синхронізація завершена
INFO:__main__:📱 Telegram повідомлення відправлено
INFO:__main__:✅ Синхронізація та повідомлення завершено
[2025-07-28 21:00:01] ✅ Синхронізація завершена
[2025-07-29 09:00:01] 🔄 Запуск синхронізації з повідомленням...
INFO:__main__:🔄 Запуск синхронізації клієнтів...
INFO:sync_clients:🔄 Запуск синхронізації клієнтів...
INFO:sync_clients:🔄 Звичайне оновлення - завантажуємо нових клієнтів
INFO:sync_clients:🔄 Оновлення клієнтів за останню добу...
INFO:sync_clients:📅 Період: 2025-07-28T06:00:01.000Z - 2025-07-29T06:00:01.999Z
INFO:sync_clients:🌐 Запит до API: page=0, size=100, period=2025-07-28T06:00:01.000Z to 2025-07-29T06:00:01.999Z
INFO:sync_clients:✅ Отримано 1 клієнтів (сторінка 1/1)
INFO:user_db:👤 Додавання/оновлення клієнта: 31de6793-6bbf-11f0-bd52-e5402aabdc24 (Ольга )
INFO:user_db:✅ Клієнт 31de6793-6bbf-11f0-bd52-e5402aabdc24 успішно оновлений
INFO:sync_clients:✅ Оновлено 1 клієнтів за останню добу
INFO:sync_clients:📤 Повідомлення адміну відправлено: ✅ Оновлено 1 клієнтів за останню добу
INFO:sync_clients:✅ Синхронізація завершена
INFO:__main__:📱 Telegram повідомлення відправлено
INFO:__main__:✅ Синхронізація та повідомлення завершено
[2025-07-29 09:00:01] ✅ Синхронізація завершена
[2025-07-29 21:00:01] 🔄 Запуск синхронізації з повідомленням...
INFO:__main__:🔄 Запуск синхронізації клієнтів...
INFO:sync_clients:🔄 Запуск синхронізації клієнтів...
INFO:sync_clients:🔄 Звичайне оновлення - завантажуємо нових клієнтів
INFO:sync_clients:🔄 Оновлення клієнтів за останню добу...
INFO:sync_clients:📅 Період: 2025-07-28T18:00:01.000Z - 2025-07-29T18:00:01.999Z
INFO:sync_clients:🌐 Запит до API: page=0, size=100, period=2025-07-28T18:00:01.000Z to 2025-07-29T18:00:01.999Z
INFO:sync_clients:✅ Отримано 1 клієнтів (сторінка 1/1)
INFO:user_db:👤 Додавання/оновлення клієнта: 8ed43592-6c54-11f0-9f79-d197a86a17b5 (Руслан Мухаметшин)
INFO:user_db:✅ Клієнт 8ed43592-6c54-11f0-9f79-d197a86a17b5 успішно оновлений
INFO:sync_clients:✅ Оновлено 1 клієнтів за останню добу
INFO:sync_clients:📤 Повідомлення адміну відправлено: ✅ Оновлено 1 клієнтів за останню добу
INFO:sync_clients:✅ Синхронізація завершена
INFO:__main__:📱 Telegram повідомлення відправлено
INFO:__main__:✅ Синхронізація та повідомлення завершено
[2025-07-29 21:00:01] ✅ Синхронізація завершена
[2025-07-30 09:00:01] 🔄 Запуск синхронізації з повідомленням...
INFO:__main__:🔄 Запуск синхронізації клієнтів...
INFO:sync_clients:🔄 Запуск синхронізації клієнтів...
INFO:sync_clients:🔄 Звичайне оновлення - завантажуємо нових клієнтів
INFO:sync_clients:🔄 Оновлення клієнтів за останню добу...
INFO:sync_clients:📅 Період: 2025-07-29T06:00:01.000Z - 2025-07-30T06:00:01.999Z
INFO:sync_clients:🌐 Запит до API: page=0, size=100, period=2025-07-29T06:00:01.000Z to 2025-07-30T06:00:01.999Z
INFO:sync_clients:✅ Отримано 1 клієнтів (сторінка 1/1)
INFO:user_db:👤 Додавання/оновлення клієнта: 8ed43592-6c54-11f0-9f79-d197a86a17b5 (Руслан Мухаметшин)
INFO:user_db:✅ Клієнт 8ed43592-6c54-11f0-9f79-d197a86a17b5 успішно оновлений
INFO:sync_clients:✅ Оновлено 1 клієнтів за останню добу
INFO:sync_clients:📤 Повідомлення адміну відправлено: ✅ Оновлено 1 клієнтів за останню добу
INFO:sync_clients:✅ Синхронізація завершена
INFO:__main__:📱 Telegram повідомлення відправлено
INFO:__main__:✅ Синхронізація та повідомлення завершено
[2025-07-30 09:00:01] ✅ Синхронізація завершена
[2025-07-30 21:00:02] 🔄 Запуск синхронізації з повідомленням...
INFO:__main__:🔄 Запуск синхронізації клієнтів...
INFO:sync_clients:🔄 Запуск синхронізації клієнтів...
INFO:sync_clients:🔄 Звичайне оновлення - завантажуємо нових клієнтів
INFO:sync_clients:🔄 Оновлення клієнтів за останню добу...
INFO:sync_clients:📅 Період: 2025-07-29T18:00:02.000Z - 2025-07-30T18:00:02.999Z
INFO:sync_clients:🌐 Запит до API: page=0, size=100, period=2025-07-29T18:00:02.000Z to 2025-07-30T18:00:02.999Z
INFO:sync_clients:✅ Отримано 1 клієнтів (сторінка 1/1)
INFO:user_db:👤 Додавання/оновлення клієнта: 7448a731-6d43-11f0-bd52-e5402aabdc24 (Надія Демченко)
INFO:user_db:✅ Клієнт 7448a731-6d43-11f0-bd52-e5402aabdc24 успішно оновлений
INFO:sync_clients:✅ Оновлено 1 клієнтів за останню добу
INFO:sync_clients:📤 Повідомлення адміну відправлено: ✅ Оновлено 1 клієнтів за останню добу
INFO:sync_clients:✅ Синхронізація завершена
INFO:__main__:📱 Telegram повідомлення відправлено
INFO:__main__:✅ Синхронізація та повідомлення завершено
[2025-07-30 21:00:02] ✅ Синхронізація завершена
[2025-07-31 09:00:01] 🔄 Запуск синхронізації з повідомленням...
INFO:__main__:🔄 Запуск синхронізації клієнтів...
INFO:sync_clients:🔄 Запуск синхронізації клієнтів...
INFO:sync_clients:🔄 Звичайне оновлення - завантажуємо нових клієнтів
INFO:sync_clients:🔄 Оновлення клієнтів за останню добу...
INFO:sync_clients:📅 Період: 2025-07-30T06:00:01.000Z - 2025-07-31T06:00:01.999Z
INFO:sync_clients:🌐 Запит до API: page=0, size=100, period=2025-07-30T06:00:01.000Z to 2025-07-31T06:00:01.999Z
INFO:sync_clients:✅ Отримано 1 клієнтів (сторінка 1/1)
INFO:user_db:👤 Додавання/оновлення клієнта: 7448a731-6d43-11f0-bd52-e5402aabdc24 (Надія Демченко)
INFO:user_db:✅ Клієнт 7448a731-6d43-11f0-bd52-e5402aabdc24 успішно оновлений
INFO:sync_clients:✅ Оновлено 1 клієнтів за останню добу
INFO:sync_clients:📤 Повідомлення адміну відправлено: ✅ Оновлено 1 клієнтів за останню добу
INFO:sync_clients:✅ Синхронізація завершена
INFO:__main__:📱 Telegram повідомлення відправлено
INFO:__main__:✅ Синхронізація та повідомлення завершено
[2025-07-31 09:00:01] ✅ Синхронізація завершена
[2025-07-31 21:00:02] 🔄 Запуск синхронізації з повідомленням...
INFO:__main__:🔄 Запуск синхронізації клієнтів...
INFO:sync_clients:🔄 Запуск синхронізації клієнтів...
INFO:sync_clients:🔄 Звичайне оновлення - завантажуємо нових клієнтів
INFO:sync_clients:🔄 Оновлення клієнтів за останню добу...
INFO:sync_clients:📅 Період: 2025-07-30T18:00:02.000Z - 2025-07-31T18:00:02.999Z
INFO:sync_clients:🌐 Запит до API: page=0, size=100, period=2025-07-30T18:00:02.000Z to 2025-07-31T18:00:02.999Z
INFO:sync_clients:✅ Отримано 0 клієнтів (сторінка 1/0)
INFO:sync_clients:ℹ️  Нових клієнтів за останню добу не знайдено
INFO:sync_clients:✅ Синхронізація завершена
INFO:__main__:📱 Telegram повідомлення відправлено
INFO:__main__:✅ Синхронізація та повідомлення завершено
[2025-07-31 21:00:02] ✅ Синхронізація завершена
[2025-08-01 09:00:01] 🔄 Запуск синхронізації з повідомленням...
INFO:__main__:🔄 Запуск синхронізації клієнтів...
INFO:sync_clients:🔄 Запуск синхронізації клієнтів...
INFO:sync_clients:🔄 Звичайне оновлення - завантажуємо нових клієнтів
INFO:sync_clients:🔄 Оновлення клієнтів за останню добу...
INFO:sync_clients:📅 Період: 2025-07-31T06:00:02.000Z - 2025-08-01T06:00:02.999Z
INFO:sync_clients:🌐 Запит до API: page=0, size=100, period=2025-07-31T06:00:02.000Z to 2025-08-01T06:00:02.999Z
INFO:sync_clients:✅ Отримано 0 клієнтів (сторінка 1/0)
INFO:sync_clients:ℹ️  Нових клієнтів за останню добу не знайдено
INFO:sync_clients:✅ Синхронізація завершена
INFO:__main__:📱 Telegram повідомлення відправлено
INFO:__main__:✅ Синхронізація та повідомлення завершено
[2025-08-01 09:00:01] ✅ Синхронізація завершена
